2026-02-26 20:52:57 [INFO] hqts.etl.extract: MT5 initialized successfully
2026-02-26 20:52:57 [INFO] __main__: Auto-trader started (PAPER mode), interval=180s
2026-02-26 20:52:59 [INFO] hqts.etl.yfinance_fetch: Fetched 5413 rows for GBPUSD from yfinance
2026-02-26 20:53:00 [INFO] hqts.etl.yfinance_fetch: Fetched 5527 rows for AUDUSD from yfinance
2026-02-26 20:53:00 [INFO] hqts.etl.yfinance_fetch: Fetched 5405 rows for USDCHF from yfinance
2026-02-26 20:53:00 [INFO] __main__: Auto-trader stopped
2026-02-26 20:53:50 [INFO] hqts.etl.extract: MT5 initialized successfully
2026-02-26 20:53:50 [INFO] __main__: Auto-trader started (LIVE mode), interval=180s
2026-02-26 20:53:52 [INFO] hqts.etl.yfinance_fetch: Fetched 5413 rows for GBPUSD from yfinance
2026-02-26 20:53:52 [INFO] hqts.etl.yfinance_fetch: Fetched 5527 rows for AUDUSD from yfinance
2026-02-26 20:53:53 [INFO] hqts.etl.yfinance_fetch: Fetched 5405 rows for USDCHF from yfinance
2026-02-26 20:56:54 [INFO] hqts.etl.yfinance_fetch: Fetched 5413 rows for GBPUSD from yfinance
2026-02-26 20:56:55 [INFO] hqts.etl.yfinance_fetch: Fetched 5527 rows for AUDUSD from yfinance
2026-02-26 20:56:55 [INFO] hqts.etl.yfinance_fetch: Fetched 5405 rows for USDCHF from yfinance
2026-02-26 20:58:19 [INFO] hqts.etl.extract: MT5 initialized successfully
2026-02-26 20:58:19 [INFO] __main__: Auto-trader started (PAPER mode), interval=180s
2026-02-26 20:58:19 [INFO] __main__: BTCUSD: fetched 500 bars from MT5 (BTCUSDm)
2026-02-26 20:58:19 [INFO] __main__: XAUUSD: fetched 500 bars from MT5 (XAUUSDm)
2026-02-26 20:58:19 [INFO] __main__: XAGUSD: fetched 500 bars from MT5 (XAGUSDm)
2026-02-26 20:58:19 [INFO] __main__: EURUSD: fetched 500 bars from MT5 (EURUSDm)
2026-02-26 20:58:19 [INFO] __main__: USDJPY: fetched 500 bars from MT5 (USDJPYm)
2026-02-26 20:58:20 [INFO] __main__: GBPUSD: fetched 500 bars from MT5 (GBPUSDm)
2026-02-26 20:58:21 [INFO] __main__: AUDUSD: fetched 500 bars from MT5 (AUDUSDm)
2026-02-26 20:58:21 [INFO] __main__: USDCHF: fetched 500 bars from MT5 (USDCHFm)
2026-02-26 20:58:21 [INFO] __main__: Cycle complete: 8/8 symbols processed
2026-02-26 20:58:21 [INFO] __main__: Auto-trader stopped
2026-02-26 20:58:48 [INFO] hqts.etl.extract: MT5 initialized successfully
2026-02-26 20:58:48 [INFO] __main__: Auto-trader started (LIVE mode), interval=180s
2026-02-26 20:58:48 [INFO] __main__: BTCUSD: fetched 500 bars from MT5 (BTCUSDm)
2026-02-26 20:58:49 [INFO] __main__: XAUUSD: fetched 500 bars from MT5 (XAUUSDm)
2026-02-26 20:58:49 [INFO] __main__: XAGUSD: fetched 500 bars from MT5 (XAGUSDm)
2026-02-26 20:58:49 [INFO] __main__: EURUSD: fetched 500 bars from MT5 (EURUSDm)
2026-02-26 20:58:49 [INFO] __main__: USDJPY: fetched 500 bars from MT5 (USDJPYm)
2026-02-26 20:58:49 [INFO] __main__: GBPUSD: fetched 500 bars from MT5 (GBPUSDm)
2026-02-26 20:58:49 [INFO] __main__: AUDUSD: fetched 500 bars from MT5 (AUDUSDm)
2026-02-26 20:58:49 [INFO] __main__: USDCHF: fetched 500 bars from MT5 (USDCHFm)
2026-02-26 20:58:49 [INFO] __main__: Cycle complete: 8/8 symbols processed
2026-02-26 21:01:49 [INFO] __main__: BTCUSD: fetched 500 bars from MT5 (BTCUSDm)
2026-02-26 21:01:49 [INFO] __main__: XAUUSD: fetched 500 bars from MT5 (XAUUSDm)
2026-02-26 21:01:49 [INFO] __main__: XAGUSD: fetched 500 bars from MT5 (XAGUSDm)
2026-02-26 21:01:49 [INFO] __main__: EURUSD: fetched 500 bars from MT5 (EURUSDm)
2026-02-26 21:01:50 [INFO] __main__: USDJPY: fetched 500 bars from MT5 (USDJPYm)
2026-02-26 21:01:50 [INFO] __main__: GBPUSD: fetched 500 bars from MT5 (GBPUSDm)
2026-02-26 21:01:50 [INFO] __main__: AUDUSD: fetched 500 bars from MT5 (AUDUSDm)
2026-02-26 21:01:50 [INFO] __main__: USDCHF: fetched 500 bars from MT5 (USDCHFm)
2026-02-26 21:01:50 [INFO] __main__: Cycle complete: 8/8 symbols processed
2026-02-26 21:04:50 [INFO] __main__: BTCUSD: fetched 500 bars from MT5 (BTCUSDm)
2026-02-26 21:04:50 [INFO] __main__: XAUUSD: fetched 500 bars from MT5 (XAUUSDm)
2026-02-26 21:04:50 [INFO] __main__: XAGUSD: fetched 500 bars from MT5 (XAGUSDm)
2026-02-26 21:04:50 [INFO] __main__: EURUSD: fetched 500 bars from MT5 (EURUSDm)
2026-02-26 21:04:50 [INFO] __main__: USDJPY: fetched 500 bars from MT5 (USDJPYm)
2026-02-26 21:04:50 [INFO] __main__: GBPUSD: fetched 500 bars from MT5 (GBPUSDm)
2026-02-26 21:04:50 [INFO] __main__: AUDUSD: fetched 500 bars from MT5 (AUDUSDm)
2026-02-26 21:04:50 [INFO] __main__: USDCHF: fetched 500 bars from MT5 (USDCHFm)
2026-02-26 21:04:50 [INFO] __main__: Cycle complete: 8/8 symbols processed
2026-02-26 21:07:50 [INFO] __main__: BTCUSD: fetched 500 bars from MT5 (BTCUSDm)
2026-02-26 21:07:50 [INFO] __main__: XAUUSD: fetched 500 bars from MT5 (XAUUSDm)
2026-02-26 21:07:50 [INFO] __main__: XAGUSD: fetched 500 bars from MT5 (XAGUSDm)
2026-02-26 21:07:50 [INFO] __main__: EURUSD: fetched 500 bars from MT5 (EURUSDm)
2026-02-26 21:07:51 [INFO] __main__: USDJPY: fetched 500 bars from MT5 (USDJPYm)
2026-02-26 21:07:51 [INFO] __main__: GBPUSD: fetched 500 bars from MT5 (GBPUSDm)
2026-02-26 21:07:51 [INFO] __main__: AUDUSD: fetched 500 bars from MT5 (AUDUSDm)
2026-02-26 21:07:51 [INFO] __main__: USDCHF: fetched 500 bars from MT5 (USDCHFm)
2026-02-26 21:07:51 [INFO] __main__: Cycle complete: 8/8 symbols processed
2026-02-26 21:09:19 [[32mINFO[0m] hqts.etl.extract: MT5 initialized successfully
2026-02-26 21:09:19 [[31mERROR[0m] __main__: Cycle error: 'charmap' codec can't encode characters in position 10-59: character maps to <undefined>
Traceback (most recent call last):
  File "C:\Users\Mithun\Downloads\TradingAI\TradingAI\scripts\run_auto_trader.py", line 396, in main
    run_cycle(paper=args.paper)
    ~~~~~~~~~^^^^^^^^^^^^^^^^^^
  File "C:\Users\Mithun\Downloads\TradingAI\TradingAI\scripts\run_auto_trader.py", line 248, in run_cycle
    cprint(f"\n{C.DIM}{'─' * 50}{C.RESET}")
    ~~~~~~^^^^^^^^^^^^^^^^^^^^^^^^^^^^^^^^^
  File "C:\Users\Mithun\Downloads\TradingAI\TradingAI\scripts\run_auto_trader.py", line 79, in cprint
    print(f"{color}{msg}{C.RESET}", flush=True)
    ~~~~~^^^^^^^^^^^^^^^^^^^^^^^^^^^^^^^^^^^^^^
  File "C:\Users\Mithun\AppData\Local\Programs\Python\Python314\Lib\encodings\cp1252.py", line 19, in encode
    return codecs.charmap_encode(input,self.errors,encoding_table)[0]
           ~~~~~~~~~~~~~~~~~~~~~^^^^^^^^^^^^^^^^^^^^^^^^^^^^^^^^^^
UnicodeEncodeError: 'charmap' codec can't encode characters in position 10-59: character maps to <undefined>
2026-02-26 21:09:34 [[32mINFO[0m] hqts.etl.extract: MT5 initialized successfully
2026-02-26 21:09:34 [[32mINFO[0m] __main__: BTCUSD: fetched 500 bars from MT5 (BTCUSDm)
2026-02-26 21:09:34 [[32mINFO[0m] __main__: XAUUSD: fetched 500 bars from MT5 (XAUUSDm)
2026-02-26 21:09:34 [[32mINFO[0m] __main__: XAGUSD: fetched 500 bars from MT5 (XAGUSDm)
2026-02-26 21:09:35 [[32mINFO[0m] __main__: EURUSD: fetched 500 bars from MT5 (EURUSDm)
2026-02-26 21:09:35 [[32mINFO[0m] __main__: USDJPY: fetched 500 bars from MT5 (USDJPYm)
2026-02-26 21:09:35 [[32mINFO[0m] __main__: GBPUSD: fetched 500 bars from MT5 (GBPUSDm)
2026-02-26 21:09:35 [[32mINFO[0m] __main__: AUDUSD: fetched 500 bars from MT5 (AUDUSDm)
2026-02-26 21:09:35 [[32mINFO[0m] __main__: USDCHF: fetched 500 bars from MT5 (USDCHFm)
2026-02-26 21:09:47 [[32mINFO[0m] hqts.etl.extract: MT5 initialized successfully
2026-02-26 21:09:47 [[32mINFO[0m] __main__: BTCUSD: fetched 500 bars from MT5 (BTCUSDm)
2026-02-26 21:09:48 [[32mINFO[0m] __main__: XAUUSD: fetched 500 bars from MT5 (XAUUSDm)
2026-02-26 21:09:48 [[32mINFO[0m] __main__: XAGUSD: fetched 500 bars from MT5 (XAGUSDm)
2026-02-26 21:09:48 [[32mINFO[0m] __main__: EURUSD: fetched 500 bars from MT5 (EURUSDm)
2026-02-26 21:09:48 [[32mINFO[0m] __main__: USDJPY: fetched 500 bars from MT5 (USDJPYm)
2026-02-26 21:09:48 [[32mINFO[0m] __main__: GBPUSD: fetched 500 bars from MT5 (GBPUSDm)
2026-02-26 21:09:48 [[32mINFO[0m] __main__: AUDUSD: fetched 500 bars from MT5 (AUDUSDm)
2026-02-26 21:09:48 [[32mINFO[0m] __main__: USDCHF: fetched 500 bars from MT5 (USDCHFm)
2026-02-26 21:10:43 [[32mINFO[0m] hqts.etl.extract: MT5 initialized successfully
2026-02-26 21:10:43 [[32mINFO[0m] __main__: BTCUSD: fetched 500 bars from MT5 (BTCUSDm)
2026-02-26 21:10:43 [[32mINFO[0m] __main__: XAUUSD: fetched 500 bars from MT5 (XAUUSDm)
2026-02-26 21:10:43 [[32mINFO[0m] __main__: XAGUSD: fetched 500 bars from MT5 (XAGUSDm)
2026-02-26 21:10:44 [[32mINFO[0m] __main__: EURUSD: fetched 500 bars from MT5 (EURUSDm)
2026-02-26 21:10:44 [[32mINFO[0m] __main__: USDJPY: fetched 500 bars from MT5 (USDJPYm)
2026-02-26 21:10:44 [[32mINFO[0m] __main__: GBPUSD: fetched 500 bars from MT5 (GBPUSDm)
2026-02-26 21:10:44 [[32mINFO[0m] __main__: AUDUSD: fetched 500 bars from MT5 (AUDUSDm)
2026-02-26 21:10:44 [[32mINFO[0m] __main__: USDCHF: fetched 500 bars from MT5 (USDCHFm)
2026-02-26 21:13:44 [[32mINFO[0m] __main__: BTCUSD: fetched 500 bars from MT5 (BTCUSDm)
2026-02-26 21:13:44 [[32mINFO[0m] __main__: XAUUSD: fetched 500 bars from MT5 (XAUUSDm)
2026-02-26 21:13:44 [[32mINFO[0m] __main__: XAGUSD: fetched 500 bars from MT5 (XAGUSDm)
2026-02-26 21:13:44 [[32mINFO[0m] __main__: EURUSD: fetched 500 bars from MT5 (EURUSDm)
2026-02-26 21:13:44 [[32mINFO[0m] __main__: USDJPY: fetched 500 bars from MT5 (USDJPYm)
2026-02-26 21:13:44 [[32mINFO[0m] __main__: GBPUSD: fetched 500 bars from MT5 (GBPUSDm)
2026-02-26 21:13:44 [[32mINFO[0m] __main__: AUDUSD: fetched 500 bars from MT5 (AUDUSDm)
2026-02-26 21:13:44 [[32mINFO[0m] __main__: USDCHF: fetched 500 bars from MT5 (USDCHFm)
2026-02-26 21:16:44 [[32mINFO[0m] __main__: BTCUSD: fetched 500 bars from MT5 (BTCUSDm)
2026-02-26 21:16:44 [[32mINFO[0m] __main__: XAUUSD: fetched 500 bars from MT5 (XAUUSDm)
2026-02-26 21:16:45 [[32mINFO[0m] __main__: XAGUSD: fetched 500 bars from MT5 (XAGUSDm)
2026-02-26 21:16:45 [[32mINFO[0m] __main__: EURUSD: fetched 500 bars from MT5 (EURUSDm)
2026-02-26 21:16:45 [[32mINFO[0m] __main__: USDJPY: fetched 500 bars from MT5 (USDJPYm)
2026-02-26 21:16:45 [[32mINFO[0m] __main__: GBPUSD: fetched 500 bars from MT5 (GBPUSDm)
2026-02-26 21:16:45 [[32mINFO[0m] __main__: AUDUSD: fetched 500 bars from MT5 (AUDUSDm)
2026-02-26 21:16:45 [[32mINFO[0m] __main__: USDCHF: fetched 500 bars from MT5 (USDCHFm)
2026-02-26 21:19:45 [[32mINFO[0m] __main__: BTCUSD: fetched 500 bars from MT5 (BTCUSDm)
2026-02-26 21:19:45 [[32mINFO[0m] __main__: XAUUSD: fetched 500 bars from MT5 (XAUUSDm)
2026-02-26 21:19:45 [[32mINFO[0m] __main__: XAGUSD: fetched 500 bars from MT5 (XAGUSDm)
2026-02-26 21:19:45 [[32mINFO[0m] __main__: EURUSD: fetched 500 bars from MT5 (EURUSDm)
2026-02-26 21:19:45 [[32mINFO[0m] __main__: USDJPY: fetched 500 bars from MT5 (USDJPYm)
2026-02-26 21:19:45 [[32mINFO[0m] __main__: GBPUSD: fetched 500 bars from MT5 (GBPUSDm)
2026-02-26 21:19:45 [[32mINFO[0m] __main__: AUDUSD: fetched 500 bars from MT5 (AUDUSDm)
2026-02-26 21:19:45 [[32mINFO[0m] __main__: USDCHF: fetched 500 bars from MT5 (USDCHFm)
2026-02-26 21:22:45 [[32mINFO[0m] __main__: BTCUSD: fetched 500 bars from MT5 (BTCUSDm)
2026-02-26 21:22:45 [[32mINFO[0m] __main__: XAUUSD: fetched 500 bars from MT5 (XAUUSDm)
2026-02-26 21:22:46 [[32mINFO[0m] __main__: XAGUSD: fetched 500 bars from MT5 (XAGUSDm)
2026-02-26 21:22:46 [[32mINFO[0m] __main__: EURUSD: fetched 500 bars from MT5 (EURUSDm)
2026-02-26 21:22:46 [[32mINFO[0m] __main__: USDJPY: fetched 500 bars from MT5 (USDJPYm)
2026-02-26 21:22:46 [[32mINFO[0m] __main__: GBPUSD: fetched 500 bars from MT5 (GBPUSDm)
2026-02-26 21:22:46 [[32mINFO[0m] __main__: AUDUSD: fetched 500 bars from MT5 (AUDUSDm)
2026-02-26 21:22:46 [[32mINFO[0m] __main__: USDCHF: fetched 500 bars from MT5 (USDCHFm)
2026-02-26 21:25:46 [[32mINFO[0m] __main__: BTCUSD: fetched 500 bars from MT5 (BTCUSDm)
2026-02-26 21:25:46 [[32mINFO[0m] __main__: XAUUSD: fetched 500 bars from MT5 (XAUUSDm)
2026-02-26 21:25:46 [[32mINFO[0m] __main__: XAGUSD: fetched 500 bars from MT5 (XAGUSDm)
2026-02-26 21:25:46 [[32mINFO[0m] __main__: EURUSD: fetched 500 bars from MT5 (EURUSDm)
2026-02-26 21:25:46 [[32mINFO[0m] __main__: USDJPY: fetched 500 bars from MT5 (USDJPYm)
2026-02-26 21:25:46 [[32mINFO[0m] __main__: GBPUSD: fetched 500 bars from MT5 (GBPUSDm)
2026-02-26 21:25:46 [[32mINFO[0m] __main__: AUDUSD: fetched 500 bars from MT5 (AUDUSDm)
2026-02-26 21:25:46 [[32mINFO[0m] __main__: USDCHF: fetched 500 bars from MT5 (USDCHFm)
2026-02-26 21:28:46 [[32mINFO[0m] __main__: BTCUSD: fetched 500 bars from MT5 (BTCUSDm)
2026-02-26 21:28:46 [[32mINFO[0m] __main__: XAUUSD: fetched 500 bars from MT5 (XAUUSDm)
2026-02-26 21:28:46 [[32mINFO[0m] __main__: XAGUSD: fetched 500 bars from MT5 (XAGUSDm)
2026-02-26 21:28:46 [[32mINFO[0m] __main__: EURUSD: fetched 500 bars from MT5 (EURUSDm)
2026-02-26 21:28:47 [[32mINFO[0m] __main__: USDJPY: fetched 500 bars from MT5 (USDJPYm)
2026-02-26 21:28:47 [[32mINFO[0m] __main__: GBPUSD: fetched 500 bars from MT5 (GBPUSDm)
2026-02-26 21:28:47 [[32mINFO[0m] __main__: AUDUSD: fetched 500 bars from MT5 (AUDUSDm)
2026-02-26 21:28:47 [[32mINFO[0m] __main__: USDCHF: fetched 500 bars from MT5 (USDCHFm)
2026-02-26 21:31:47 [[32mINFO[0m] __main__: BTCUSD: fetched 500 bars from MT5 (BTCUSDm)
2026-02-26 21:31:47 [[32mINFO[0m] __main__: XAUUSD: fetched 500 bars from MT5 (XAUUSDm)
2026-02-26 21:31:47 [[32mINFO[0m] __main__: XAGUSD: fetched 500 bars from MT5 (XAGUSDm)
2026-02-26 21:31:47 [[32mINFO[0m] __main__: EURUSD: fetched 500 bars from MT5 (EURUSDm)
2026-02-26 21:31:47 [[32mINFO[0m] __main__: USDJPY: fetched 500 bars from MT5 (USDJPYm)
2026-02-26 21:31:47 [[32mINFO[0m] __main__: GBPUSD: fetched 500 bars from MT5 (GBPUSDm)
2026-02-26 21:31:47 [[32mINFO[0m] __main__: AUDUSD: fetched 500 bars from MT5 (AUDUSDm)
2026-02-26 21:31:47 [[32mINFO[0m] __main__: USDCHF: fetched 500 bars from MT5 (USDCHFm)
2026-02-26 21:34:47 [[32mINFO[0m] __main__: BTCUSD: fetched 500 bars from MT5 (BTCUSDm)
2026-02-26 21:34:47 [[32mINFO[0m] __main__: XAUUSD: fetched 500 bars from MT5 (XAUUSDm)
2026-02-26 21:34:47 [[32mINFO[0m] __main__: XAGUSD: fetched 500 bars from MT5 (XAGUSDm)
2026-02-26 21:34:47 [[32mINFO[0m] __main__: EURUSD: fetched 500 bars from MT5 (EURUSDm)
2026-02-26 21:34:47 [[32mINFO[0m] __main__: USDJPY: fetched 500 bars from MT5 (USDJPYm)
2026-02-26 21:34:48 [[32mINFO[0m] __main__: GBPUSD: fetched 500 bars from MT5 (GBPUSDm)
2026-02-26 21:34:48 [[32mINFO[0m] __main__: AUDUSD: fetched 500 bars from MT5 (AUDUSDm)
2026-02-26 21:34:48 [[32mINFO[0m] __main__: USDCHF: fetched 500 bars from MT5 (USDCHFm)
2026-02-26 21:37:48 [[32mINFO[0m] __main__: BTCUSD: fetched 500 bars from MT5 (BTCUSDm)
2026-02-26 21:37:48 [[32mINFO[0m] __main__: XAUUSD: fetched 500 bars from MT5 (XAUUSDm)
2026-02-26 21:37:48 [[32mINFO[0m] __main__: XAGUSD: fetched 500 bars from MT5 (XAGUSDm)
2026-02-26 21:37:48 [[32mINFO[0m] __main__: EURUSD: fetched 500 bars from MT5 (EURUSDm)
2026-02-26 21:37:48 [[32mINFO[0m] __main__: USDJPY: fetched 500 bars from MT5 (USDJPYm)
2026-02-26 21:37:48 [[32mINFO[0m] __main__: GBPUSD: fetched 500 bars from MT5 (GBPUSDm)
2026-02-26 21:37:48 [[32mINFO[0m] __main__: AUDUSD: fetched 500 bars from MT5 (AUDUSDm)
2026-02-26 21:37:48 [[32mINFO[0m] __main__: USDCHF: fetched 500 bars from MT5 (USDCHFm)
2026-02-26 21:40:48 [[32mINFO[0m] __main__: BTCUSD: fetched 500 bars from MT5 (BTCUSDm)
2026-02-26 21:40:48 [[32mINFO[0m] __main__: XAUUSD: fetched 500 bars from MT5 (XAUUSDm)
2026-02-26 21:40:48 [[32mINFO[0m] __main__: XAGUSD: fetched 500 bars from MT5 (XAGUSDm)
2026-02-26 21:40:48 [[32mINFO[0m] __main__: EURUSD: fetched 500 bars from MT5 (EURUSDm)
2026-02-26 21:40:48 [[32mINFO[0m] __main__: USDJPY: fetched 500 bars from MT5 (USDJPYm)
2026-02-26 21:40:48 [[32mINFO[0m] __main__: GBPUSD: fetched 500 bars from MT5 (GBPUSDm)
2026-02-26 21:40:49 [[32mINFO[0m] __main__: AUDUSD: fetched 500 bars from MT5 (AUDUSDm)
2026-02-26 21:40:49 [[32mINFO[0m] __main__: USDCHF: fetched 500 bars from MT5 (USDCHFm)
2026-02-26 21:43:49 [[32mINFO[0m] __main__: BTCUSD: fetched 500 bars from MT5 (BTCUSDm)
2026-02-26 21:43:49 [[32mINFO[0m] __main__: XAUUSD: fetched 500 bars from MT5 (XAUUSDm)
2026-02-26 21:43:49 [[32mINFO[0m] __main__: XAGUSD: fetched 500 bars from MT5 (XAGUSDm)
2026-02-26 21:43:49 [[32mINFO[0m] __main__: EURUSD: fetched 500 bars from MT5 (EURUSDm)
2026-02-26 21:43:49 [[32mINFO[0m] __main__: USDJPY: fetched 500 bars from MT5 (USDJPYm)
2026-02-26 21:43:49 [[32mINFO[0m] __main__: GBPUSD: fetched 500 bars from MT5 (GBPUSDm)
2026-02-26 21:43:49 [[32mINFO[0m] __main__: AUDUSD: fetched 500 bars from MT5 (AUDUSDm)
2026-02-26 21:43:49 [[32mINFO[0m] __main__: USDCHF: fetched 500 bars from MT5 (USDCHFm)
2026-02-26 21:46:49 [[32mINFO[0m] __main__: BTCUSD: fetched 500 bars from MT5 (BTCUSDm)
2026-02-26 21:46:49 [[32mINFO[0m] __main__: XAUUSD: fetched 500 bars from MT5 (XAUUSDm)
2026-02-26 21:46:49 [[32mINFO[0m] __main__: XAGUSD: fetched 500 bars from MT5 (XAGUSDm)
2026-02-26 21:46:49 [[32mINFO[0m] __main__: EURUSD: fetched 500 bars from MT5 (EURUSDm)
2026-02-26 21:46:49 [[32mINFO[0m] __main__: USDJPY: fetched 500 bars from MT5 (USDJPYm)
2026-02-26 21:46:49 [[32mINFO[0m] __main__: GBPUSD: fetched 500 bars from MT5 (GBPUSDm)
2026-02-26 21:46:49 [[32mINFO[0m] __main__: AUDUSD: fetched 500 bars from MT5 (AUDUSDm)
2026-02-26 21:46:49 [[32mINFO[0m] __main__: USDCHF: fetched 500 bars from MT5 (USDCHFm)
2026-02-26 21:49:50 [[32mINFO[0m] __main__: BTCUSD: fetched 500 bars from MT5 (BTCUSDm)
2026-02-26 21:49:50 [[32mINFO[0m] __main__: XAUUSD: fetched 500 bars from MT5 (XAUUSDm)
2026-02-26 21:49:50 [[32mINFO[0m] __main__: XAGUSD: fetched 500 bars from MT5 (XAGUSDm)
2026-02-26 21:49:50 [[32mINFO[0m] __main__: EURUSD: fetched 500 bars from MT5 (EURUSDm)
2026-02-26 21:49:50 [[32mINFO[0m] __main__: USDJPY: fetched 500 bars from MT5 (USDJPYm)
2026-02-26 21:49:50 [[32mINFO[0m] __main__: GBPUSD: fetched 500 bars from MT5 (GBPUSDm)
2026-02-26 21:49:50 [[32mINFO[0m] __main__: AUDUSD: fetched 500 bars from MT5 (AUDUSDm)
2026-02-26 21:49:50 [[32mINFO[0m] __main__: USDCHF: fetched 500 bars from MT5 (USDCHFm)
2026-02-26 21:52:08 [[32mINFO[0m] hqts.etl.extract: MT5 initialized successfully
2026-02-26 21:52:08 [[32mINFO[0m] __main__: BTCUSD: fetched 500 bars from MT5 (BTCUSDm)
2026-02-26 21:52:12 [[32mINFO[0m] __main__: XAUUSD: fetched 500 bars from MT5 (XAUUSDm)
2026-02-26 21:52:12 [[32mINFO[0m] __main__: XAGUSD: fetched 500 bars from MT5 (XAGUSDm)
2026-02-26 21:52:12 [[32mINFO[0m] __main__: EURUSD: fetched 500 bars from MT5 (EURUSDm)
2026-02-26 21:52:12 [[32mINFO[0m] __main__: USDJPY: fetched 500 bars from MT5 (USDJPYm)
2026-02-26 21:52:12 [[32mINFO[0m] __main__: GBPUSD: fetched 500 bars from MT5 (GBPUSDm)
2026-02-26 21:52:12 [[32mINFO[0m] __main__: AUDUSD: fetched 500 bars from MT5 (AUDUSDm)
2026-02-26 21:52:12 [[32mINFO[0m] __main__: USDCHF: fetched 500 bars from MT5 (USDCHFm)
2026-02-26 21:55:12 [[32mINFO[0m] __main__: BTCUSD: fetched 500 bars from MT5 (BTCUSDm)
2026-02-26 21:55:13 [[32mINFO[0m] __main__: XAUUSD: fetched 500 bars from MT5 (XAUUSDm)
2026-02-26 21:55:13 [[32mINFO[0m] __main__: XAGUSD: fetched 500 bars from MT5 (XAGUSDm)
2026-02-26 21:55:13 [[32mINFO[0m] __main__: EURUSD: fetched 500 bars from MT5 (EURUSDm)
2026-02-26 21:55:13 [[32mINFO[0m] __main__: USDJPY: fetched 500 bars from MT5 (USDJPYm)
2026-02-26 21:55:13 [[32mINFO[0m] __main__: GBPUSD: fetched 500 bars from MT5 (GBPUSDm)
2026-02-26 21:55:13 [[32mINFO[0m] __main__: AUDUSD: fetched 500 bars from MT5 (AUDUSDm)
2026-02-26 21:55:13 [[32mINFO[0m] __main__: USDCHF: fetched 500 bars from MT5 (USDCHFm)
2026-02-26 21:58:13 [[32mINFO[0m] __main__: BTCUSD: fetched 500 bars from MT5 (BTCUSDm)
2026-02-26 21:58:13 [[32mINFO[0m] __main__: XAUUSD: fetched 500 bars from MT5 (XAUUSDm)
2026-02-26 21:58:13 [[32mINFO[0m] __main__: XAGUSD: fetched 500 bars from MT5 (XAGUSDm)
2026-02-26 21:58:13 [[32mINFO[0m] __main__: EURUSD: fetched 500 bars from MT5 (EURUSDm)
2026-02-26 21:58:13 [[32mINFO[0m] __main__: USDJPY: fetched 500 bars from MT5 (USDJPYm)
2026-02-26 21:58:13 [[32mINFO[0m] __main__: GBPUSD: fetched 500 bars from MT5 (GBPUSDm)
2026-02-26 21:58:13 [[32mINFO[0m] __main__: AUDUSD: fetched 500 bars from MT5 (AUDUSDm)
2026-02-26 21:58:13 [[32mINFO[0m] __main__: USDCHF: fetched 500 bars from MT5 (USDCHFm)
2026-02-26 22:00:12 [[32mINFO[0m] hqts.etl.extract: MT5 initialized successfully
2026-02-26 22:00:12 [[32mINFO[0m] __main__: BTCUSD: fetched 500 bars from MT5 (BTCUSDm)
2026-02-26 22:00:13 [[32mINFO[0m] __main__: XAUUSD: fetched 500 bars from MT5 (XAUUSDm)
2026-02-26 22:00:13 [[32mINFO[0m] __main__: XAGUSD: fetched 500 bars from MT5 (XAGUSDm)
2026-02-26 22:00:13 [[32mINFO[0m] __main__: EURUSD: fetched 500 bars from MT5 (EURUSDm)
2026-02-26 22:00:13 [[32mINFO[0m] __main__: USDJPY: fetched 500 bars from MT5 (USDJPYm)
2026-02-26 22:00:13 [[32mINFO[0m] __main__: GBPUSD: fetched 500 bars from MT5 (GBPUSDm)
2026-02-26 22:00:13 [[32mINFO[0m] __main__: AUDUSD: fetched 500 bars from MT5 (AUDUSDm)
2026-02-26 22:00:13 [[32mINFO[0m] __main__: USDCHF: fetched 500 bars from MT5 (USDCHFm)
2026-02-26 22:03:13 [[32mINFO[0m] __main__: BTCUSD: fetched 500 bars from MT5 (BTCUSDm)
2026-02-26 22:03:13 [[32mINFO[0m] __main__: XAUUSD: fetched 500 bars from MT5 (XAUUSDm)
2026-02-26 22:03:13 [[32mINFO[0m] __main__: XAGUSD: fetched 500 bars from MT5 (XAGUSDm)
2026-02-26 22:03:14 [[32mINFO[0m] __main__: EURUSD: fetched 500 bars from MT5 (EURUSDm)
2026-02-26 22:03:14 [[32mINFO[0m] __main__: USDJPY: fetched 500 bars from MT5 (USDJPYm)
2026-02-26 22:03:14 [[32mINFO[0m] __main__: GBPUSD: fetched 500 bars from MT5 (GBPUSDm)
2026-02-26 22:03:14 [[32mINFO[0m] __main__: AUDUSD: fetched 500 bars from MT5 (AUDUSDm)
2026-02-26 22:03:14 [[32mINFO[0m] __main__: USDCHF: fetched 500 bars from MT5 (USDCHFm)
2026-02-26 22:06:14 [[32mINFO[0m] __main__: BTCUSD: fetched 500 bars from MT5 (BTCUSDm)
2026-02-26 22:06:14 [[32mINFO[0m] __main__: XAUUSD: fetched 500 bars from MT5 (XAUUSDm)
2026-02-26 22:06:14 [[32mINFO[0m] __main__: XAGUSD: fetched 500 bars from MT5 (XAGUSDm)
2026-02-26 22:06:14 [[32mINFO[0m] __main__: EURUSD: fetched 500 bars from MT5 (EURUSDm)
2026-02-26 22:06:14 [[32mINFO[0m] __main__: USDJPY: fetched 500 bars from MT5 (USDJPYm)
2026-02-26 22:06:14 [[32mINFO[0m] __main__: GBPUSD: fetched 500 bars from MT5 (GBPUSDm)
2026-02-26 22:06:14 [[32mINFO[0m] __main__: AUDUSD: fetched 500 bars from MT5 (AUDUSDm)
2026-02-26 22:06:14 [[32mINFO[0m] __main__: USDCHF: fetched 500 bars from MT5 (USDCHFm)
2026-02-26 22:07:38 [[32mINFO[0m] hqts.etl.extract: MT5 initialized successfully
2026-02-26 22:07:38 [[32mINFO[0m] __main__: BTCUSD: fetched 500 bars from MT5 (BTCUSDm)
2026-02-26 22:07:39 [[32mINFO[0m] __main__: XAUUSD: fetched 500 bars from MT5 (XAUUSDm)
2026-02-26 22:07:39 [[32mINFO[0m] __main__: XAGUSD: fetched 500 bars from MT5 (XAGUSDm)
2026-02-26 22:07:39 [[32mINFO[0m] __main__: EURUSD: fetched 500 bars from MT5 (EURUSDm)
2026-02-26 22:07:39 [[32mINFO[0m] __main__: USDJPY: fetched 500 bars from MT5 (USDJPYm)
2026-02-26 22:07:39 [[32mINFO[0m] __main__: GBPUSD: fetched 500 bars from MT5 (GBPUSDm)
2026-02-26 22:07:39 [[32mINFO[0m] __main__: AUDUSD: fetched 500 bars from MT5 (AUDUSDm)
2026-02-26 22:07:39 [[32mINFO[0m] __main__: USDCHF: fetched 500 bars from MT5 (USDCHFm)
2026-02-26 22:07:54 [[32mINFO[0m] hqts.etl.extract: MT5 initialized successfully
2026-02-26 22:07:54 [[32mINFO[0m] __main__: BTCUSD: fetched 500 bars from MT5 (BTCUSDm)
2026-02-26 22:07:54 [[32mINFO[0m] __main__: XAUUSD: fetched 500 bars from MT5 (XAUUSDm)
2026-02-26 22:07:54 [[32mINFO[0m] __main__: XAGUSD: fetched 500 bars from MT5 (XAGUSDm)
2026-02-26 22:07:54 [[32mINFO[0m] __main__: EURUSD: fetched 500 bars from MT5 (EURUSDm)
2026-02-26 22:07:54 [[32mINFO[0m] __main__: USDJPY: fetched 500 bars from MT5 (USDJPYm)
2026-02-26 22:07:54 [[32mINFO[0m] __main__: GBPUSD: fetched 500 bars from MT5 (GBPUSDm)
2026-02-26 22:07:54 [[32mINFO[0m] __main__: AUDUSD: fetched 500 bars from MT5 (AUDUSDm)
2026-02-26 22:07:55 [[32mINFO[0m] __main__: USDCHF: fetched 500 bars from MT5 (USDCHFm)
2026-02-26 22:10:55 [[32mINFO[0m] __main__: BTCUSD: fetched 500 bars from MT5 (BTCUSDm)
2026-02-26 22:10:55 [[32mINFO[0m] __main__: XAUUSD: fetched 500 bars from MT5 (XAUUSDm)
2026-02-26 22:10:55 [[32mINFO[0m] __main__: XAGUSD: fetched 500 bars from MT5 (XAGUSDm)
2026-02-26 22:10:55 [[32mINFO[0m] __main__: EURUSD: fetched 500 bars from MT5 (EURUSDm)
2026-02-26 22:10:55 [[32mINFO[0m] __main__: USDJPY: fetched 500 bars from MT5 (USDJPYm)
2026-02-26 22:10:55 [[32mINFO[0m] __main__: GBPUSD: fetched 500 bars from MT5 (GBPUSDm)
2026-02-26 22:10:55 [[32mINFO[0m] __main__: AUDUSD: fetched 500 bars from MT5 (AUDUSDm)
2026-02-26 22:10:55 [[32mINFO[0m] __main__: USDCHF: fetched 500 bars from MT5 (USDCHFm)
2026-02-26 22:11:14 [[32mINFO[0m] hqts.etl.extract: MT5 initialized successfully
2026-02-26 22:11:14 [[32mINFO[0m] __main__: BTCUSD: fetched 500 bars from MT5 (BTCUSDm)
2026-02-26 22:11:14 [[32mINFO[0m] __main__: XAUUSD: fetched 500 bars from MT5 (XAUUSDm)
2026-02-26 22:11:14 [[32mINFO[0m] __main__: XAGUSD: fetched 500 bars from MT5 (XAGUSDm)
2026-02-26 22:11:15 [[32mINFO[0m] __main__: EURUSD: fetched 500 bars from MT5 (EURUSDm)
2026-02-26 22:11:15 [[32mINFO[0m] __main__: USDJPY: fetched 500 bars from MT5 (USDJPYm)
2026-02-26 22:11:15 [[32mINFO[0m] __main__: GBPUSD: fetched 500 bars from MT5 (GBPUSDm)
2026-02-26 22:11:15 [[32mINFO[0m] __main__: AUDUSD: fetched 500 bars from MT5 (AUDUSDm)
2026-02-26 22:11:15 [[32mINFO[0m] __main__: USDCHF: fetched 500 bars from MT5 (USDCHFm)
2026-02-26 22:12:34 [[32mINFO[0m] hqts.etl.extract: MT5 initialized successfully
2026-02-26 22:12:34 [[32mINFO[0m] __main__: BTCUSD: fetched 500 bars from MT5 (BTCUSDm)
2026-02-26 22:12:35 [[32mINFO[0m] __main__: XAUUSD: fetched 500 bars from MT5 (XAUUSDm)
2026-02-26 22:12:35 [[32mINFO[0m] __main__: XAGUSD: fetched 500 bars from MT5 (XAGUSDm)
2026-02-26 22:12:35 [[32mINFO[0m] __main__: EURUSD: fetched 500 bars from MT5 (EURUSDm)
2026-02-26 22:12:35 [[32mINFO[0m] __main__: USDJPY: fetched 500 bars from MT5 (USDJPYm)
2026-02-26 22:12:35 [[32mINFO[0m] __main__: GBPUSD: fetched 500 bars from MT5 (GBPUSDm)
2026-02-26 22:12:35 [[32mINFO[0m] __main__: AUDUSD: fetched 500 bars from MT5 (AUDUSDm)
2026-02-26 22:12:35 [[32mINFO[0m] __main__: USDCHF: fetched 500 bars from MT5 (USDCHFm)
2026-02-26 22:15:35 [[32mINFO[0m] __main__: BTCUSD: fetched 500 bars from MT5 (BTCUSDm)
2026-02-26 22:15:35 [[32mINFO[0m] __main__: XAUUSD: fetched 500 bars from MT5 (XAUUSDm)
2026-02-26 22:15:35 [[32mINFO[0m] __main__: XAGUSD: fetched 500 bars from MT5 (XAGUSDm)
2026-02-26 22:15:35 [[32mINFO[0m] __main__: EURUSD: fetched 500 bars from MT5 (EURUSDm)
2026-02-26 22:15:35 [[32mINFO[0m] __main__: USDJPY: fetched 500 bars from MT5 (USDJPYm)
2026-02-26 22:15:35 [[32mINFO[0m] __main__: GBPUSD: fetched 500 bars from MT5 (GBPUSDm)
2026-02-26 22:15:35 [[32mINFO[0m] __main__: AUDUSD: fetched 500 bars from MT5 (AUDUSDm)
2026-02-26 22:15:36 [[32mINFO[0m] __main__: USDCHF: fetched 500 bars from MT5 (USDCHFm)
2026-02-26 22:15:41 [[32mINFO[0m] hqts.etl.extract: MT5 initialized successfully
2026-02-26 22:15:41 [[32mINFO[0m] __main__: BTCUSD: fetched 500 bars from MT5 (BTCUSDm)
2026-02-26 22:15:41 [[32mINFO[0m] __main__: XAUUSD: fetched 500 bars from MT5 (XAUUSDm)
2026-02-26 22:15:41 [[32mINFO[0m] __main__: XAGUSD: fetched 500 bars from MT5 (XAGUSDm)
2026-02-26 22:15:41 [[32mINFO[0m] __main__: EURUSD: fetched 500 bars from MT5 (EURUSDm)
2026-02-26 22:15:41 [[32mINFO[0m] __main__: USDJPY: fetched 500 bars from MT5 (USDJPYm)
2026-02-26 22:15:42 [[32mINFO[0m] __main__: GBPUSD: fetched 500 bars from MT5 (GBPUSDm)
2026-02-26 22:15:42 [[32mINFO[0m] __main__: AUDUSD: fetched 500 bars from MT5 (AUDUSDm)
2026-02-26 22:15:42 [[32mINFO[0m] __main__: USDCHF: fetched 500 bars from MT5 (USDCHFm)
2026-02-26 22:18:42 [[32mINFO[0m] __main__: BTCUSD: fetched 500 bars from MT5 (BTCUSDm)
2026-02-26 22:18:42 [[32mINFO[0m] __main__: XAUUSD: fetched 500 bars from MT5 (XAUUSDm)
2026-02-26 22:18:42 [[32mINFO[0m] __main__: XAGUSD: fetched 500 bars from MT5 (XAGUSDm)
2026-02-26 22:18:42 [[32mINFO[0m] __main__: EURUSD: fetched 500 bars from MT5 (EURUSDm)
2026-02-26 22:18:42 [[32mINFO[0m] __main__: USDJPY: fetched 500 bars from MT5 (USDJPYm)
2026-02-26 22:18:42 [[32mINFO[0m] __main__: GBPUSD: fetched 500 bars from MT5 (GBPUSDm)
2026-02-26 22:18:42 [[32mINFO[0m] __main__: AUDUSD: fetched 500 bars from MT5 (AUDUSDm)
2026-02-26 22:18:42 [[32mINFO[0m] __main__: USDCHF: fetched 500 bars from MT5 (USDCHFm)
2026-02-26 22:18:49 [[32mINFO[0m] hqts.etl.extract: MT5 initialized successfully
2026-02-26 22:18:49 [[32mINFO[0m] __main__: BTCUSD: fetched 500 bars from MT5 (BTCUSDm)
2026-02-26 22:18:49 [[32mINFO[0m] __main__: XAUUSD: fetched 500 bars from MT5 (XAUUSDm)
2026-02-26 22:18:50 [[32mINFO[0m] __main__: XAGUSD: fetched 500 bars from MT5 (XAGUSDm)
2026-02-26 22:18:50 [[32mINFO[0m] __main__: EURUSD: fetched 500 bars from MT5 (EURUSDm)
2026-02-26 22:18:50 [[32mINFO[0m] __main__: USDJPY: fetched 500 bars from MT5 (USDJPYm)
2026-02-26 22:18:50 [[32mINFO[0m] __main__: GBPUSD: fetched 500 bars from MT5 (GBPUSDm)
2026-02-26 22:18:50 [[32mINFO[0m] __main__: AUDUSD: fetched 500 bars from MT5 (AUDUSDm)
2026-02-26 22:18:50 [[32mINFO[0m] __main__: USDCHF: fetched 500 bars from MT5 (USDCHFm)
2026-02-26 22:21:50 [[32mINFO[0m] __main__: BTCUSD: fetched 500 bars from MT5 (BTCUSDm)
2026-02-26 22:21:50 [[32mINFO[0m] __main__: XAUUSD: fetched 500 bars from MT5 (XAUUSDm)
2026-02-26 22:21:50 [[32mINFO[0m] __main__: XAGUSD: fetched 500 bars from MT5 (XAGUSDm)
2026-02-26 22:21:50 [[32mINFO[0m] __main__: EURUSD: fetched 500 bars from MT5 (EURUSDm)
2026-02-26 22:21:50 [[32mINFO[0m] __main__: USDJPY: fetched 500 bars from MT5 (USDJPYm)
2026-02-26 22:21:50 [[32mINFO[0m] __main__: GBPUSD: fetched 500 bars from MT5 (GBPUSDm)
2026-02-26 22:21:50 [[32mINFO[0m] __main__: AUDUSD: fetched 500 bars from MT5 (AUDUSDm)
2026-02-26 22:21:50 [[32mINFO[0m] __main__: USDCHF: fetched 500 bars from MT5 (USDCHFm)
2026-02-26 22:24:50 [[32mINFO[0m] __main__: BTCUSD: fetched 500 bars from MT5 (BTCUSDm)
2026-02-26 22:24:51 [[32mINFO[0m] __main__: XAUUSD: fetched 500 bars from MT5 (XAUUSDm)
2026-02-26 22:24:51 [[32mINFO[0m] __main__: XAGUSD: fetched 500 bars from MT5 (XAGUSDm)
2026-02-26 22:24:51 [[32mINFO[0m] __main__: EURUSD: fetched 500 bars from MT5 (EURUSDm)
2026-02-26 22:24:51 [[32mINFO[0m] __main__: USDJPY: fetched 500 bars from MT5 (USDJPYm)
2026-02-26 22:24:51 [[32mINFO[0m] __main__: GBPUSD: fetched 500 bars from MT5 (GBPUSDm)
2026-02-26 22:24:51 [[32mINFO[0m] __main__: AUDUSD: fetched 500 bars from MT5 (AUDUSDm)
2026-02-26 22:24:51 [[32mINFO[0m] __main__: USDCHF: fetched 500 bars from MT5 (USDCHFm)
2026-02-26 22:27:51 [[32mINFO[0m] __main__: BTCUSD: fetched 500 bars from MT5 (BTCUSDm)
2026-02-26 22:27:51 [[32mINFO[0m] __main__: XAUUSD: fetched 500 bars from MT5 (XAUUSDm)
2026-02-26 22:27:51 [[32mINFO[0m] __main__: XAGUSD: fetched 500 bars from MT5 (XAGUSDm)
2026-02-26 22:27:51 [[32mINFO[0m] __main__: EURUSD: fetched 500 bars from MT5 (EURUSDm)
2026-02-26 22:27:51 [[32mINFO[0m] __main__: USDJPY: fetched 500 bars from MT5 (USDJPYm)
2026-02-26 22:27:51 [[32mINFO[0m] __main__: GBPUSD: fetched 500 bars from MT5 (GBPUSDm)
2026-02-26 22:27:51 [[32mINFO[0m] __main__: AUDUSD: fetched 500 bars from MT5 (AUDUSDm)
2026-02-26 22:27:51 [[32mINFO[0m] __main__: USDCHF: fetched 500 bars from MT5 (USDCHFm)
2026-02-26 22:30:51 [[32mINFO[0m] __main__: BTCUSD: fetched 500 bars from MT5 (BTCUSDm)
2026-02-26 22:30:52 [[32mINFO[0m] __main__: XAUUSD: fetched 500 bars from MT5 (XAUUSDm)
2026-02-26 22:30:52 [[32mINFO[0m] __main__: XAGUSD: fetched 500 bars from MT5 (XAGUSDm)
2026-02-26 22:30:52 [[32mINFO[0m] __main__: EURUSD: fetched 500 bars from MT5 (EURUSDm)
2026-02-26 22:30:52 [[32mINFO[0m] __main__: USDJPY: fetched 500 bars from MT5 (USDJPYm)
2026-02-26 22:30:52 [[32mINFO[0m] __main__: GBPUSD: fetched 500 bars from MT5 (GBPUSDm)
2026-02-26 22:30:52 [[32mINFO[0m] __main__: AUDUSD: fetched 500 bars from MT5 (AUDUSDm)
2026-02-26 22:30:52 [[32mINFO[0m] __main__: USDCHF: fetched 500 bars from MT5 (USDCHFm)
2026-02-26 22:33:52 [[32mINFO[0m] __main__: BTCUSD: fetched 500 bars from MT5 (BTCUSDm)
2026-02-26 22:33:52 [[32mINFO[0m] __main__: XAUUSD: fetched 500 bars from MT5 (XAUUSDm)
2026-02-26 22:33:52 [[32mINFO[0m] __main__: XAGUSD: fetched 500 bars from MT5 (XAGUSDm)
2026-02-26 22:33:52 [[32mINFO[0m] __main__: EURUSD: fetched 500 bars from MT5 (EURUSDm)
2026-02-26 22:33:52 [[32mINFO[0m] __main__: USDJPY: fetched 500 bars from MT5 (USDJPYm)
2026-02-26 22:33:52 [[32mINFO[0m] __main__: GBPUSD: fetched 500 bars from MT5 (GBPUSDm)
2026-02-26 22:33:52 [[32mINFO[0m] __main__: AUDUSD: fetched 500 bars from MT5 (AUDUSDm)
2026-02-26 22:33:52 [[32mINFO[0m] __main__: USDCHF: fetched 500 bars from MT5 (USDCHFm)
2026-02-26 22:36:52 [[32mINFO[0m] __main__: BTCUSD: fetched 500 bars from MT5 (BTCUSDm)
2026-02-26 22:36:52 [[32mINFO[0m] __main__: XAUUSD: fetched 500 bars from MT5 (XAUUSDm)
2026-02-26 22:36:52 [[32mINFO[0m] __main__: XAGUSD: fetched 500 bars from MT5 (XAGUSDm)
2026-02-26 22:36:53 [[32mINFO[0m] __main__: EURUSD: fetched 500 bars from MT5 (EURUSDm)
2026-02-26 22:36:53 [[32mINFO[0m] __main__: USDJPY: fetched 500 bars from MT5 (USDJPYm)
2026-02-26 22:36:53 [[32mINFO[0m] __main__: GBPUSD: fetched 500 bars from MT5 (GBPUSDm)
2026-02-26 22:36:53 [[32mINFO[0m] __main__: AUDUSD: fetched 500 bars from MT5 (AUDUSDm)
2026-02-26 22:36:53 [[32mINFO[0m] __main__: USDCHF: fetched 500 bars from MT5 (USDCHFm)
2026-02-26 22:39:53 [[32mINFO[0m] __main__: BTCUSD: fetched 500 bars from MT5 (BTCUSDm)
2026-02-26 22:39:53 [[32mINFO[0m] __main__: XAUUSD: fetched 500 bars from MT5 (XAUUSDm)
2026-02-26 22:39:53 [[32mINFO[0m] __main__: XAGUSD: fetched 500 bars from MT5 (XAGUSDm)
2026-02-26 22:39:53 [[32mINFO[0m] __main__: EURUSD: fetched 500 bars from MT5 (EURUSDm)
2026-02-26 22:39:53 [[32mINFO[0m] __main__: USDJPY: fetched 500 bars from MT5 (USDJPYm)
2026-02-26 22:39:53 [[32mINFO[0m] __main__: GBPUSD: fetched 500 bars from MT5 (GBPUSDm)
2026-02-26 22:39:53 [[32mINFO[0m] __main__: AUDUSD: fetched 500 bars from MT5 (AUDUSDm)
2026-02-26 22:39:53 [[32mINFO[0m] __main__: USDCHF: fetched 500 bars from MT5 (USDCHFm)
2026-02-26 22:42:53 [[32mINFO[0m] __main__: BTCUSD: fetched 500 bars from MT5 (BTCUSDm)
2026-02-26 22:42:53 [[32mINFO[0m] __main__: XAUUSD: fetched 500 bars from MT5 (XAUUSDm)
2026-02-26 22:42:53 [[32mINFO[0m] __main__: XAGUSD: fetched 500 bars from MT5 (XAGUSDm)
2026-02-26 22:42:53 [[32mINFO[0m] __main__: EURUSD: fetched 500 bars from MT5 (EURUSDm)
2026-02-26 22:42:54 [[32mINFO[0m] __main__: USDJPY: fetched 500 bars from MT5 (USDJPYm)
2026-02-26 22:42:54 [[32mINFO[0m] __main__: GBPUSD: fetched 500 bars from MT5 (GBPUSDm)
2026-02-26 22:42:54 [[32mINFO[0m] __main__: AUDUSD: fetched 500 bars from MT5 (AUDUSDm)
2026-02-26 22:42:54 [[32mINFO[0m] __main__: USDCHF: fetched 500 bars from MT5 (USDCHFm)
2026-02-26 22:45:54 [[32mINFO[0m] __main__: BTCUSD: fetched 500 bars from MT5 (BTCUSDm)
2026-02-26 22:45:54 [[32mINFO[0m] __main__: XAUUSD: fetched 500 bars from MT5 (XAUUSDm)
2026-02-26 22:45:54 [[32mINFO[0m] __main__: XAGUSD: fetched 500 bars from MT5 (XAGUSDm)
2026-02-26 22:45:54 [[32mINFO[0m] __main__: EURUSD: fetched 500 bars from MT5 (EURUSDm)
2026-02-26 22:45:54 [[32mINFO[0m] __main__: USDJPY: fetched 500 bars from MT5 (USDJPYm)
2026-02-26 22:45:54 [[32mINFO[0m] __main__: GBPUSD: fetched 500 bars from MT5 (GBPUSDm)
2026-02-26 22:45:54 [[32mINFO[0m] __main__: AUDUSD: fetched 500 bars from MT5 (AUDUSDm)
2026-02-26 22:45:54 [[32mINFO[0m] __main__: USDCHF: fetched 500 bars from MT5 (USDCHFm)
2026-02-26 22:48:54 [[32mINFO[0m] __main__: BTCUSD: fetched 500 bars from MT5 (BTCUSDm)
2026-02-26 22:48:54 [[32mINFO[0m] __main__: XAUUSD: fetched 500 bars from MT5 (XAUUSDm)
2026-02-26 22:48:54 [[32mINFO[0m] __main__: XAGUSD: fetched 500 bars from MT5 (XAGUSDm)
2026-02-26 22:48:54 [[32mINFO[0m] __main__: EURUSD: fetched 500 bars from MT5 (EURUSDm)
2026-02-26 22:48:54 [[32mINFO[0m] __main__: USDJPY: fetched 500 bars from MT5 (USDJPYm)
2026-02-26 22:48:54 [[32mINFO[0m] __main__: GBPUSD: fetched 500 bars from MT5 (GBPUSDm)
2026-02-26 22:48:55 [[32mINFO[0m] __main__: AUDUSD: fetched 500 bars from MT5 (AUDUSDm)
2026-02-26 22:48:55 [[32mINFO[0m] __main__: USDCHF: fetched 500 bars from MT5 (USDCHFm)
2026-02-26 22:51:55 [[32mINFO[0m] __main__: BTCUSD: fetched 500 bars from MT5 (BTCUSDm)
2026-02-26 22:51:55 [[32mINFO[0m] __main__: XAUUSD: fetched 500 bars from MT5 (XAUUSDm)
2026-02-26 22:51:55 [[32mINFO[0m] __main__: XAGUSD: fetched 500 bars from MT5 (XAGUSDm)
2026-02-26 22:51:55 [[32mINFO[0m] __main__: EURUSD: fetched 500 bars from MT5 (EURUSDm)
2026-02-26 22:51:55 [[32mINFO[0m] __main__: USDJPY: fetched 500 bars from MT5 (USDJPYm)
2026-02-26 22:51:55 [[32mINFO[0m] __main__: GBPUSD: fetched 500 bars from MT5 (GBPUSDm)
2026-02-26 22:51:55 [[32mINFO[0m] __main__: AUDUSD: fetched 500 bars from MT5 (AUDUSDm)
2026-02-26 22:51:55 [[32mINFO[0m] __main__: USDCHF: fetched 500 bars from MT5 (USDCHFm)
2026-02-26 22:54:55 [[32mINFO[0m] __main__: BTCUSD: fetched 500 bars from MT5 (BTCUSDm)
2026-02-26 22:54:55 [[32mINFO[0m] __main__: XAUUSD: fetched 500 bars from MT5 (XAUUSDm)
2026-02-26 22:54:55 [[32mINFO[0m] __main__: XAGUSD: fetched 500 bars from MT5 (XAGUSDm)
2026-02-26 22:54:55 [[32mINFO[0m] __main__: EURUSD: fetched 500 bars from MT5 (EURUSDm)
2026-02-26 22:54:55 [[32mINFO[0m] __main__: USDJPY: fetched 500 bars from MT5 (USDJPYm)
2026-02-26 22:54:55 [[32mINFO[0m] __main__: GBPUSD: fetched 500 bars from MT5 (GBPUSDm)
2026-02-26 22:54:55 [[32mINFO[0m] __main__: AUDUSD: fetched 500 bars from MT5 (AUDUSDm)
2026-02-26 22:54:55 [[32mINFO[0m] __main__: USDCHF: fetched 500 bars from MT5 (USDCHFm)
2026-02-26 22:57:56 [[32mINFO[0m] __main__: BTCUSD: fetched 500 bars from MT5 (BTCUSDm)
2026-02-26 22:57:56 [[32mINFO[0m] __main__: XAUUSD: fetched 500 bars from MT5 (XAUUSDm)
2026-02-26 22:57:56 [[32mINFO[0m] __main__: XAGUSD: fetched 500 bars from MT5 (XAGUSDm)
2026-02-26 22:57:56 [[32mINFO[0m] __main__: EURUSD: fetched 500 bars from MT5 (EURUSDm)
2026-02-26 22:57:56 [[32mINFO[0m] __main__: USDJPY: fetched 500 bars from MT5 (USDJPYm)
2026-02-26 22:57:56 [[32mINFO[0m] __main__: GBPUSD: fetched 500 bars from MT5 (GBPUSDm)
2026-02-26 22:57:56 [[32mINFO[0m] __main__: AUDUSD: fetched 500 bars from MT5 (AUDUSDm)
2026-02-26 22:57:56 [[32mINFO[0m] __main__: USDCHF: fetched 500 bars from MT5 (USDCHFm)
2026-02-26 23:00:56 [[32mINFO[0m] __main__: BTCUSD: fetched 500 bars from MT5 (BTCUSDm)
2026-02-26 23:00:56 [[32mINFO[0m] __main__: XAUUSD: fetched 500 bars from MT5 (XAUUSDm)
2026-02-26 23:00:56 [[32mINFO[0m] __main__: XAGUSD: fetched 500 bars from MT5 (XAGUSDm)
2026-02-26 23:00:56 [[32mINFO[0m] __main__: EURUSD: fetched 500 bars from MT5 (EURUSDm)
2026-02-26 23:00:56 [[32mINFO[0m] __main__: USDJPY: fetched 500 bars from MT5 (USDJPYm)
2026-02-26 23:00:56 [[32mINFO[0m] __main__: GBPUSD: fetched 500 bars from MT5 (GBPUSDm)
2026-02-26 23:00:56 [[32mINFO[0m] __main__: AUDUSD: fetched 500 bars from MT5 (AUDUSDm)
2026-02-26 23:00:56 [[32mINFO[0m] __main__: USDCHF: fetched 500 bars from MT5 (USDCHFm)
2026-02-26 23:03:56 [[32mINFO[0m] __main__: BTCUSD: fetched 500 bars from MT5 (BTCUSDm)
2026-02-26 23:03:57 [[32mINFO[0m] __main__: XAUUSD: fetched 500 bars from MT5 (XAUUSDm)
2026-02-26 23:03:57 [[32mINFO[0m] __main__: XAGUSD: fetched 500 bars from MT5 (XAGUSDm)
2026-02-26 23:03:57 [[32mINFO[0m] __main__: EURUSD: fetched 500 bars from MT5 (EURUSDm)
2026-02-26 23:03:57 [[32mINFO[0m] __main__: USDJPY: fetched 500 bars from MT5 (USDJPYm)
2026-02-26 23:03:57 [[32mINFO[0m] __main__: GBPUSD: fetched 500 bars from MT5 (GBPUSDm)
2026-02-26 23:03:57 [[32mINFO[0m] __main__: AUDUSD: fetched 500 bars from MT5 (AUDUSDm)
2026-02-26 23:03:57 [[32mINFO[0m] __main__: USDCHF: fetched 500 bars from MT5 (USDCHFm)
2026-02-26 23:06:57 [[32mINFO[0m] __main__: BTCUSD: fetched 500 bars from MT5 (BTCUSDm)
2026-02-26 23:06:57 [[32mINFO[0m] __main__: XAUUSD: fetched 500 bars from MT5 (XAUUSDm)
2026-02-26 23:06:57 [[32mINFO[0m] __main__: XAGUSD: fetched 500 bars from MT5 (XAGUSDm)
2026-02-26 23:06:57 [[32mINFO[0m] __main__: EURUSD: fetched 500 bars from MT5 (EURUSDm)
2026-02-26 23:06:57 [[32mINFO[0m] __main__: USDJPY: fetched 500 bars from MT5 (USDJPYm)
2026-02-26 23:06:57 [[32mINFO[0m] __main__: GBPUSD: fetched 500 bars from MT5 (GBPUSDm)
2026-02-26 23:06:57 [[32mINFO[0m] __main__: AUDUSD: fetched 500 bars from MT5 (AUDUSDm)
2026-02-26 23:06:57 [[32mINFO[0m] __main__: USDCHF: fetched 500 bars from MT5 (USDCHFm)
2026-02-26 23:09:57 [[32mINFO[0m] __main__: BTCUSD: fetched 500 bars from MT5 (BTCUSDm)
2026-02-26 23:09:57 [[32mINFO[0m] __main__: XAUUSD: fetched 500 bars from MT5 (XAUUSDm)
2026-02-26 23:09:57 [[32mINFO[0m] __main__: XAGUSD: fetched 500 bars from MT5 (XAGUSDm)
2026-02-26 23:09:58 [[32mINFO[0m] __main__: EURUSD: fetched 500 bars from MT5 (EURUSDm)
2026-02-26 23:09:58 [[32mINFO[0m] __main__: USDJPY: fetched 500 bars from MT5 (USDJPYm)
2026-02-26 23:09:58 [[32mINFO[0m] __main__: GBPUSD: fetched 500 bars from MT5 (GBPUSDm)
2026-02-26 23:09:58 [[32mINFO[0m] __main__: AUDUSD: fetched 500 bars from MT5 (AUDUSDm)
2026-02-26 23:09:58 [[32mINFO[0m] __main__: USDCHF: fetched 500 bars from MT5 (USDCHFm)
2026-02-26 23:12:58 [[32mINFO[0m] __main__: BTCUSD: fetched 500 bars from MT5 (BTCUSDm)
2026-02-26 23:12:58 [[32mINFO[0m] __main__: XAUUSD: fetched 500 bars from MT5 (XAUUSDm)
2026-02-26 23:12:58 [[32mINFO[0m] __main__: XAGUSD: fetched 500 bars from MT5 (XAGUSDm)
2026-02-26 23:12:58 [[32mINFO[0m] __main__: EURUSD: fetched 500 bars from MT5 (EURUSDm)
2026-02-26 23:12:58 [[32mINFO[0m] __main__: USDJPY: fetched 500 bars from MT5 (USDJPYm)
2026-02-26 23:12:58 [[32mINFO[0m] __main__: GBPUSD: fetched 500 bars from MT5 (GBPUSDm)
2026-02-26 23:12:58 [[32mINFO[0m] __main__: AUDUSD: fetched 500 bars from MT5 (AUDUSDm)
2026-02-26 23:12:58 [[32mINFO[0m] __main__: USDCHF: fetched 500 bars from MT5 (USDCHFm)
2026-02-26 23:15:58 [[32mINFO[0m] __main__: BTCUSD: fetched 500 bars from MT5 (BTCUSDm)
2026-02-26 23:15:58 [[32mINFO[0m] __main__: XAUUSD: fetched 500 bars from MT5 (XAUUSDm)
2026-02-26 23:15:58 [[32mINFO[0m] __main__: XAGUSD: fetched 500 bars from MT5 (XAGUSDm)
2026-02-26 23:15:58 [[32mINFO[0m] __main__: EURUSD: fetched 500 bars from MT5 (EURUSDm)
2026-02-26 23:15:58 [[32mINFO[0m] __main__: USDJPY: fetched 500 bars from MT5 (USDJPYm)
2026-02-26 23:15:59 [[32mINFO[0m] __main__: GBPUSD: fetched 500 bars from MT5 (GBPUSDm)
2026-02-26 23:15:59 [[32mINFO[0m] __main__: AUDUSD: fetched 500 bars from MT5 (AUDUSDm)
2026-02-26 23:15:59 [[32mINFO[0m] __main__: USDCHF: fetched 500 bars from MT5 (USDCHFm)
2026-02-26 23:18:59 [[32mINFO[0m] __main__: BTCUSD: fetched 500 bars from MT5 (BTCUSDm)
2026-02-26 23:18:59 [[32mINFO[0m] __main__: XAUUSD: fetched 500 bars from MT5 (XAUUSDm)
2026-02-26 23:18:59 [[32mINFO[0m] __main__: XAGUSD: fetched 500 bars from MT5 (XAGUSDm)
2026-02-26 23:18:59 [[32mINFO[0m] __main__: EURUSD: fetched 500 bars from MT5 (EURUSDm)
2026-02-26 23:18:59 [[32mINFO[0m] __main__: USDJPY: fetched 500 bars from MT5 (USDJPYm)
2026-02-26 23:18:59 [[32mINFO[0m] __main__: GBPUSD: fetched 500 bars from MT5 (GBPUSDm)
2026-02-26 23:18:59 [[32mINFO[0m] __main__: AUDUSD: fetched 500 bars from MT5 (AUDUSDm)
2026-02-26 23:18:59 [[32mINFO[0m] __main__: USDCHF: fetched 500 bars from MT5 (USDCHFm)
2026-02-26 23:21:59 [[32mINFO[0m] __main__: BTCUSD: fetched 500 bars from MT5 (BTCUSDm)
2026-02-26 23:21:59 [[32mINFO[0m] __main__: XAUUSD: fetched 500 bars from MT5 (XAUUSDm)
2026-02-26 23:21:59 [[32mINFO[0m] __main__: XAGUSD: fetched 500 bars from MT5 (XAGUSDm)
2026-02-26 23:21:59 [[32mINFO[0m] __main__: EURUSD: fetched 500 bars from MT5 (EURUSDm)
2026-02-26 23:21:59 [[32mINFO[0m] __main__: USDJPY: fetched 500 bars from MT5 (USDJPYm)
2026-02-26 23:21:59 [[32mINFO[0m] __main__: GBPUSD: fetched 500 bars from MT5 (GBPUSDm)
2026-02-26 23:21:59 [[32mINFO[0m] __main__: AUDUSD: fetched 500 bars from MT5 (AUDUSDm)
2026-02-26 23:22:00 [[32mINFO[0m] __main__: USDCHF: fetched 500 bars from MT5 (USDCHFm)
2026-02-26 23:25:00 [[32mINFO[0m] __main__: BTCUSD: fetched 500 bars from MT5 (BTCUSDm)
2026-02-26 23:25:00 [[32mINFO[0m] __main__: XAUUSD: fetched 500 bars from MT5 (XAUUSDm)
2026-02-26 23:25:00 [[32mINFO[0m] __main__: XAGUSD: fetched 500 bars from MT5 (XAGUSDm)
2026-02-26 23:25:00 [[32mINFO[0m] __main__: EURUSD: fetched 500 bars from MT5 (EURUSDm)
2026-02-26 23:25:00 [[32mINFO[0m] __main__: USDJPY: fetched 500 bars from MT5 (USDJPYm)
2026-02-26 23:25:00 [[32mINFO[0m] __main__: GBPUSD: fetched 500 bars from MT5 (GBPUSDm)
2026-02-26 23:25:00 [[32mINFO[0m] __main__: AUDUSD: fetched 500 bars from MT5 (AUDUSDm)
2026-02-26 23:25:00 [[32mINFO[0m] __main__: USDCHF: fetched 500 bars from MT5 (USDCHFm)
2026-02-26 23:28:00 [[32mINFO[0m] __main__: BTCUSD: fetched 500 bars from MT5 (BTCUSDm)
2026-02-26 23:28:00 [[32mINFO[0m] __main__: XAUUSD: fetched 500 bars from MT5 (XAUUSDm)
2026-02-26 23:28:00 [[32mINFO[0m] __main__: XAGUSD: fetched 500 bars from MT5 (XAGUSDm)
2026-02-26 23:28:00 [[32mINFO[0m] __main__: EURUSD: fetched 500 bars from MT5 (EURUSDm)
2026-02-26 23:28:00 [[32mINFO[0m] __main__: USDJPY: fetched 500 bars from MT5 (USDJPYm)
2026-02-26 23:28:00 [[32mINFO[0m] __main__: GBPUSD: fetched 500 bars from MT5 (GBPUSDm)
2026-02-26 23:28:00 [[32mINFO[0m] __main__: AUDUSD: fetched 500 bars from MT5 (AUDUSDm)
2026-02-26 23:28:00 [[32mINFO[0m] __main__: USDCHF: fetched 500 bars from MT5 (USDCHFm)
2026-02-26 23:31:00 [[32mINFO[0m] __main__: BTCUSD: fetched 500 bars from MT5 (BTCUSDm)
2026-02-26 23:31:01 [[32mINFO[0m] __main__: XAUUSD: fetched 500 bars from MT5 (XAUUSDm)
2026-02-26 23:31:01 [[32mINFO[0m] __main__: XAGUSD: fetched 500 bars from MT5 (XAGUSDm)
2026-02-26 23:31:01 [[32mINFO[0m] __main__: EURUSD: fetched 500 bars from MT5 (EURUSDm)
2026-02-26 23:31:01 [[32mINFO[0m] __main__: USDJPY: fetched 500 bars from MT5 (USDJPYm)
2026-02-26 23:31:01 [[32mINFO[0m] __main__: GBPUSD: fetched 500 bars from MT5 (GBPUSDm)
2026-02-26 23:31:01 [[32mINFO[0m] __main__: AUDUSD: fetched 500 bars from MT5 (AUDUSDm)
2026-02-26 23:31:01 [[32mINFO[0m] __main__: USDCHF: fetched 500 bars from MT5 (USDCHFm)
2026-02-26 23:34:01 [[32mINFO[0m] __main__: BTCUSD: fetched 500 bars from MT5 (BTCUSDm)
2026-02-26 23:34:01 [[32mINFO[0m] __main__: XAUUSD: fetched 500 bars from MT5 (XAUUSDm)
2026-02-26 23:34:01 [[32mINFO[0m] __main__: XAGUSD: fetched 500 bars from MT5 (XAGUSDm)
2026-02-26 23:34:01 [[32mINFO[0m] __main__: EURUSD: fetched 500 bars from MT5 (EURUSDm)
2026-02-26 23:34:01 [[32mINFO[0m] __main__: USDJPY: fetched 500 bars from MT5 (USDJPYm)
2026-02-26 23:34:01 [[32mINFO[0m] __main__: GBPUSD: fetched 500 bars from MT5 (GBPUSDm)
2026-02-26 23:34:01 [[32mINFO[0m] __main__: AUDUSD: fetched 500 bars from MT5 (AUDUSDm)
2026-02-26 23:34:01 [[32mINFO[0m] __main__: USDCHF: fetched 500 bars from MT5 (USDCHFm)
2026-02-26 23:37:01 [[32mINFO[0m] __main__: BTCUSD: fetched 500 bars from MT5 (BTCUSDm)
2026-02-26 23:37:01 [[32mINFO[0m] __main__: XAUUSD: fetched 500 bars from MT5 (XAUUSDm)
2026-02-26 23:37:01 [[32mINFO[0m] __main__: XAGUSD: fetched 500 bars from MT5 (XAGUSDm)
2026-02-26 23:37:02 [[32mINFO[0m] __main__: EURUSD: fetched 500 bars from MT5 (EURUSDm)
2026-02-26 23:37:02 [[32mINFO[0m] __main__: USDJPY: fetched 500 bars from MT5 (USDJPYm)
2026-02-26 23:37:02 [[32mINFO[0m] __main__: GBPUSD: fetched 500 bars from MT5 (GBPUSDm)
2026-02-26 23:37:02 [[32mINFO[0m] __main__: AUDUSD: fetched 500 bars from MT5 (AUDUSDm)
2026-02-26 23:37:02 [[32mINFO[0m] __main__: USDCHF: fetched 500 bars from MT5 (USDCHFm)
2026-02-26 23:40:02 [[32mINFO[0m] __main__: BTCUSD: fetched 500 bars from MT5 (BTCUSDm)
2026-02-26 23:40:02 [[32mINFO[0m] __main__: XAUUSD: fetched 500 bars from MT5 (XAUUSDm)
2026-02-26 23:40:02 [[32mINFO[0m] __main__: XAGUSD: fetched 500 bars from MT5 (XAGUSDm)
2026-02-26 23:40:02 [[32mINFO[0m] __main__: EURUSD: fetched 500 bars from MT5 (EURUSDm)
2026-02-26 23:40:02 [[32mINFO[0m] __main__: USDJPY: fetched 500 bars from MT5 (USDJPYm)
2026-02-26 23:40:02 [[32mINFO[0m] __main__: GBPUSD: fetched 500 bars from MT5 (GBPUSDm)
2026-02-26 23:40:02 [[32mINFO[0m] __main__: AUDUSD: fetched 500 bars from MT5 (AUDUSDm)
2026-02-26 23:40:02 [[32mINFO[0m] __main__: USDCHF: fetched 500 bars from MT5 (USDCHFm)
2026-02-26 23:43:02 [[32mINFO[0m] __main__: BTCUSD: fetched 500 bars from MT5 (BTCUSDm)
2026-02-26 23:43:02 [[32mINFO[0m] __main__: XAUUSD: fetched 500 bars from MT5 (XAUUSDm)
2026-02-26 23:43:02 [[32mINFO[0m] __main__: XAGUSD: fetched 500 bars from MT5 (XAGUSDm)
2026-02-26 23:43:02 [[32mINFO[0m] __main__: EURUSD: fetched 500 bars from MT5 (EURUSDm)
2026-02-26 23:43:02 [[32mINFO[0m] __main__: USDJPY: fetched 500 bars from MT5 (USDJPYm)
2026-02-26 23:43:03 [[32mINFO[0m] __main__: GBPUSD: fetched 500 bars from MT5 (GBPUSDm)
2026-02-26 23:43:03 [[32mINFO[0m] __main__: AUDUSD: fetched 500 bars from MT5 (AUDUSDm)
2026-02-26 23:43:03 [[32mINFO[0m] __main__: USDCHF: fetched 500 bars from MT5 (USDCHFm)
2026-02-26 23:46:03 [[32mINFO[0m] __main__: BTCUSD: fetched 500 bars from MT5 (BTCUSDm)
2026-02-26 23:46:03 [[32mINFO[0m] __main__: XAUUSD: fetched 500 bars from MT5 (XAUUSDm)
2026-02-26 23:46:03 [[32mINFO[0m] __main__: XAGUSD: fetched 500 bars from MT5 (XAGUSDm)
2026-02-26 23:46:03 [[32mINFO[0m] __main__: EURUSD: fetched 500 bars from MT5 (EURUSDm)
2026-02-26 23:46:03 [[32mINFO[0m] __main__: USDJPY: fetched 500 bars from MT5 (USDJPYm)
2026-02-26 23:46:03 [[32mINFO[0m] __main__: GBPUSD: fetched 500 bars from MT5 (GBPUSDm)
2026-02-26 23:46:03 [[32mINFO[0m] __main__: AUDUSD: fetched 500 bars from MT5 (AUDUSDm)
2026-02-26 23:46:03 [[32mINFO[0m] __main__: USDCHF: fetched 500 bars from MT5 (USDCHFm)
2026-02-26 23:49:03 [[32mINFO[0m] __main__: BTCUSD: fetched 500 bars from MT5 (BTCUSDm)
2026-02-26 23:49:03 [[32mINFO[0m] __main__: XAUUSD: fetched 500 bars from MT5 (XAUUSDm)
2026-02-26 23:49:03 [[32mINFO[0m] __main__: XAGUSD: fetched 500 bars from MT5 (XAGUSDm)
2026-02-26 23:49:03 [[32mINFO[0m] __main__: EURUSD: fetched 500 bars from MT5 (EURUSDm)
2026-02-26 23:49:03 [[32mINFO[0m] __main__: USDJPY: fetched 500 bars from MT5 (USDJPYm)
2026-02-26 23:49:03 [[32mINFO[0m] __main__: GBPUSD: fetched 500 bars from MT5 (GBPUSDm)
2026-02-26 23:49:04 [[32mINFO[0m] __main__: AUDUSD: fetched 500 bars from MT5 (AUDUSDm)
2026-02-26 23:49:04 [[32mINFO[0m] __main__: USDCHF: fetched 500 bars from MT5 (USDCHFm)
2026-02-26 23:52:04 [[32mINFO[0m] __main__: BTCUSD: fetched 500 bars from MT5 (BTCUSDm)
2026-02-26 23:52:04 [[32mINFO[0m] __main__: XAUUSD: fetched 500 bars from MT5 (XAUUSDm)
2026-02-26 23:52:04 [[32mINFO[0m] __main__: XAGUSD: fetched 500 bars from MT5 (XAGUSDm)
2026-02-26 23:52:04 [[32mINFO[0m] __main__: EURUSD: fetched 500 bars from MT5 (EURUSDm)
2026-02-26 23:52:04 [[32mINFO[0m] __main__: USDJPY: fetched 500 bars from MT5 (USDJPYm)
2026-02-26 23:52:04 [[32mINFO[0m] __main__: GBPUSD: fetched 500 bars from MT5 (GBPUSDm)
2026-02-26 23:52:04 [[32mINFO[0m] __main__: AUDUSD: fetched 500 bars from MT5 (AUDUSDm)
2026-02-26 23:52:04 [[32mINFO[0m] __main__: USDCHF: fetched 500 bars from MT5 (USDCHFm)
2026-02-26 23:55:04 [[32mINFO[0m] __main__: BTCUSD: fetched 500 bars from MT5 (BTCUSDm)
2026-02-26 23:55:04 [[32mINFO[0m] __main__: XAUUSD: fetched 500 bars from MT5 (XAUUSDm)
2026-02-26 23:55:04 [[32mINFO[0m] __main__: XAGUSD: fetched 500 bars from MT5 (XAGUSDm)
2026-02-26 23:55:04 [[32mINFO[0m] __main__: EURUSD: fetched 500 bars from MT5 (EURUSDm)
2026-02-26 23:55:04 [[32mINFO[0m] __main__: USDJPY: fetched 500 bars from MT5 (USDJPYm)
2026-02-26 23:55:04 [[32mINFO[0m] __main__: GBPUSD: fetched 500 bars from MT5 (GBPUSDm)
2026-02-26 23:55:04 [[32mINFO[0m] __main__: AUDUSD: fetched 500 bars from MT5 (AUDUSDm)
2026-02-26 23:55:04 [[32mINFO[0m] __main__: USDCHF: fetched 500 bars from MT5 (USDCHFm)
2026-02-26 23:58:05 [[32mINFO[0m] __main__: BTCUSD: fetched 500 bars from MT5 (BTCUSDm)
2026-02-26 23:58:05 [[32mINFO[0m] __main__: XAUUSD: fetched 500 bars from MT5 (XAUUSDm)
2026-02-26 23:58:05 [[32mINFO[0m] __main__: XAGUSD: fetched 500 bars from MT5 (XAGUSDm)
2026-02-26 23:58:05 [[32mINFO[0m] __main__: EURUSD: fetched 500 bars from MT5 (EURUSDm)
2026-02-26 23:58:05 [[32mINFO[0m] __main__: USDJPY: fetched 500 bars from MT5 (USDJPYm)
2026-02-26 23:58:05 [[32mINFO[0m] __main__: GBPUSD: fetched 500 bars from MT5 (GBPUSDm)
2026-02-26 23:58:05 [[32mINFO[0m] __main__: AUDUSD: fetched 500 bars from MT5 (AUDUSDm)
2026-02-26 23:58:05 [[32mINFO[0m] __main__: USDCHF: fetched 500 bars from MT5 (USDCHFm)
2026-02-27 00:01:05 [[32mINFO[0m] __main__: BTCUSD: fetched 500 bars from MT5 (BTCUSDm)
2026-02-27 00:01:05 [[32mINFO[0m] __main__: XAUUSD: fetched 500 bars from MT5 (XAUUSDm)
2026-02-27 00:01:05 [[32mINFO[0m] __main__: XAGUSD: fetched 500 bars from MT5 (XAGUSDm)
2026-02-27 00:01:05 [[32mINFO[0m] __main__: EURUSD: fetched 500 bars from MT5 (EURUSDm)
2026-02-27 00:01:05 [[32mINFO[0m] __main__: USDJPY: fetched 500 bars from MT5 (USDJPYm)
2026-02-27 00:01:05 [[32mINFO[0m] __main__: GBPUSD: fetched 500 bars from MT5 (GBPUSDm)
2026-02-27 00:01:05 [[32mINFO[0m] __main__: AUDUSD: fetched 500 bars from MT5 (AUDUSDm)
2026-02-27 00:01:05 [[32mINFO[0m] __main__: USDCHF: fetched 500 bars from MT5 (USDCHFm)
2026-02-27 00:04:06 [[32mINFO[0m] __main__: BTCUSD: fetched 500 bars from MT5 (BTCUSDm)
2026-02-27 00:04:06 [[32mINFO[0m] __main__: XAUUSD: fetched 500 bars from MT5 (XAUUSDm)
2026-02-27 00:04:06 [[32mINFO[0m] __main__: XAGUSD: fetched 500 bars from MT5 (XAGUSDm)
2026-02-27 00:04:06 [[32mINFO[0m] __main__: EURUSD: fetched 500 bars from MT5 (EURUSDm)
2026-02-27 00:04:06 [[32mINFO[0m] __main__: USDJPY: fetched 500 bars from MT5 (USDJPYm)
2026-02-27 00:04:06 [[32mINFO[0m] __main__: GBPUSD: fetched 500 bars from MT5 (GBPUSDm)
2026-02-27 00:04:06 [[32mINFO[0m] __main__: AUDUSD: fetched 500 bars from MT5 (AUDUSDm)
2026-02-27 00:04:06 [[32mINFO[0m] __main__: USDCHF: fetched 500 bars from MT5 (USDCHFm)
2026-02-27 00:07:06 [[32mINFO[0m] __main__: BTCUSD: fetched 500 bars from MT5 (BTCUSDm)
2026-02-27 00:07:06 [[32mINFO[0m] __main__: XAUUSD: fetched 500 bars from MT5 (XAUUSDm)
2026-02-27 00:07:06 [[32mINFO[0m] __main__: XAGUSD: fetched 500 bars from MT5 (XAGUSDm)
2026-02-27 00:07:06 [[32mINFO[0m] __main__: EURUSD: fetched 500 bars from MT5 (EURUSDm)
2026-02-27 00:07:06 [[32mINFO[0m] __main__: USDJPY: fetched 500 bars from MT5 (USDJPYm)
2026-02-27 00:07:07 [[32mINFO[0m] __main__: GBPUSD: fetched 500 bars from MT5 (GBPUSDm)
2026-02-27 00:07:07 [[32mINFO[0m] __main__: AUDUSD: fetched 500 bars from MT5 (AUDUSDm)
2026-02-27 00:07:07 [[32mINFO[0m] __main__: USDCHF: fetched 500 bars from MT5 (USDCHFm)
2026-02-27 00:10:07 [[32mINFO[0m] __main__: BTCUSD: fetched 500 bars from MT5 (BTCUSDm)
2026-02-27 00:10:07 [[32mINFO[0m] __main__: XAUUSD: fetched 500 bars from MT5 (XAUUSDm)
2026-02-27 00:10:07 [[32mINFO[0m] __main__: XAGUSD: fetched 500 bars from MT5 (XAGUSDm)
2026-02-27 00:10:07 [[32mINFO[0m] __main__: EURUSD: fetched 500 bars from MT5 (EURUSDm)
2026-02-27 00:10:07 [[32mINFO[0m] __main__: USDJPY: fetched 500 bars from MT5 (USDJPYm)
2026-02-27 00:10:07 [[32mINFO[0m] __main__: GBPUSD: fetched 500 bars from MT5 (GBPUSDm)
2026-02-27 00:10:07 [[32mINFO[0m] __main__: AUDUSD: fetched 500 bars from MT5 (AUDUSDm)
2026-02-27 00:10:07 [[32mINFO[0m] __main__: USDCHF: fetched 500 bars from MT5 (USDCHFm)
2026-02-27 00:13:07 [[32mINFO[0m] __main__: BTCUSD: fetched 500 bars from MT5 (BTCUSDm)
2026-02-27 00:13:07 [[32mINFO[0m] __main__: XAUUSD: fetched 500 bars from MT5 (XAUUSDm)
2026-02-27 00:13:07 [[32mINFO[0m] __main__: XAGUSD: fetched 500 bars from MT5 (XAGUSDm)
2026-02-27 00:13:07 [[32mINFO[0m] __main__: EURUSD: fetched 500 bars from MT5 (EURUSDm)
2026-02-27 00:13:07 [[32mINFO[0m] __main__: USDJPY: fetched 500 bars from MT5 (USDJPYm)
2026-02-27 00:13:07 [[32mINFO[0m] __main__: GBPUSD: fetched 500 bars from MT5 (GBPUSDm)
2026-02-27 00:13:07 [[32mINFO[0m] __main__: AUDUSD: fetched 500 bars from MT5 (AUDUSDm)
2026-02-27 00:13:08 [[32mINFO[0m] __main__: USDCHF: fetched 500 bars from MT5 (USDCHFm)
2026-02-27 00:16:08 [[32mINFO[0m] __main__: BTCUSD: fetched 500 bars from MT5 (BTCUSDm)
2026-02-27 00:16:08 [[32mINFO[0m] __main__: XAUUSD: fetched 500 bars from MT5 (XAUUSDm)
2026-02-27 00:16:08 [[32mINFO[0m] __main__: XAGUSD: fetched 500 bars from MT5 (XAGUSDm)
2026-02-27 00:16:08 [[32mINFO[0m] __main__: EURUSD: fetched 500 bars from MT5 (EURUSDm)
2026-02-27 00:16:08 [[32mINFO[0m] __main__: USDJPY: fetched 500 bars from MT5 (USDJPYm)
2026-02-27 00:16:08 [[32mINFO[0m] __main__: GBPUSD: fetched 500 bars from MT5 (GBPUSDm)
2026-02-27 00:16:08 [[32mINFO[0m] __main__: AUDUSD: fetched 500 bars from MT5 (AUDUSDm)
2026-02-27 00:16:08 [[32mINFO[0m] __main__: USDCHF: fetched 500 bars from MT5 (USDCHFm)
2026-02-27 00:19:08 [[32mINFO[0m] __main__: BTCUSD: fetched 500 bars from MT5 (BTCUSDm)
2026-02-27 00:19:08 [[32mINFO[0m] __main__: XAUUSD: fetched 500 bars from MT5 (XAUUSDm)
2026-02-27 00:19:08 [[32mINFO[0m] __main__: XAGUSD: fetched 500 bars from MT5 (XAGUSDm)
2026-02-27 00:19:08 [[32mINFO[0m] __main__: EURUSD: fetched 500 bars from MT5 (EURUSDm)
2026-02-27 00:19:08 [[32mINFO[0m] __main__: USDJPY: fetched 500 bars from MT5 (USDJPYm)
2026-02-27 00:19:08 [[32mINFO[0m] __main__: GBPUSD: fetched 500 bars from MT5 (GBPUSDm)
2026-02-27 00:19:08 [[32mINFO[0m] __main__: AUDUSD: fetched 500 bars from MT5 (AUDUSDm)
2026-02-27 00:19:08 [[32mINFO[0m] __main__: USDCHF: fetched 500 bars from MT5 (USDCHFm)
2026-02-27 00:22:08 [[32mINFO[0m] __main__: BTCUSD: fetched 500 bars from MT5 (BTCUSDm)
2026-02-27 00:22:09 [[32mINFO[0m] __main__: XAUUSD: fetched 500 bars from MT5 (XAUUSDm)
2026-02-27 00:22:09 [[32mINFO[0m] __main__: XAGUSD: fetched 500 bars from MT5 (XAGUSDm)
2026-02-27 00:22:09 [[32mINFO[0m] __main__: EURUSD: fetched 500 bars from MT5 (EURUSDm)
2026-02-27 00:22:09 [[32mINFO[0m] __main__: USDJPY: fetched 500 bars from MT5 (USDJPYm)
2026-02-27 00:22:09 [[32mINFO[0m] __main__: GBPUSD: fetched 500 bars from MT5 (GBPUSDm)
2026-02-27 00:22:09 [[32mINFO[0m] __main__: AUDUSD: fetched 500 bars from MT5 (AUDUSDm)
2026-02-27 00:22:09 [[32mINFO[0m] __main__: USDCHF: fetched 500 bars from MT5 (USDCHFm)
2026-02-27 00:25:09 [[32mINFO[0m] __main__: BTCUSD: fetched 500 bars from MT5 (BTCUSDm)
2026-02-27 00:25:09 [[32mINFO[0m] __main__: XAUUSD: fetched 500 bars from MT5 (XAUUSDm)
2026-02-27 00:25:09 [[32mINFO[0m] __main__: XAGUSD: fetched 500 bars from MT5 (XAGUSDm)
2026-02-27 00:25:09 [[32mINFO[0m] __main__: EURUSD: fetched 500 bars from MT5 (EURUSDm)
2026-02-27 00:25:09 [[32mINFO[0m] __main__: USDJPY: fetched 500 bars from MT5 (USDJPYm)
2026-02-27 00:25:09 [[32mINFO[0m] __main__: GBPUSD: fetched 500 bars from MT5 (GBPUSDm)
2026-02-27 00:25:09 [[32mINFO[0m] __main__: AUDUSD: fetched 500 bars from MT5 (AUDUSDm)
2026-02-27 00:25:09 [[32mINFO[0m] __main__: USDCHF: fetched 500 bars from MT5 (USDCHFm)
2026-02-27 00:28:09 [[32mINFO[0m] __main__: BTCUSD: fetched 500 bars from MT5 (BTCUSDm)
2026-02-27 00:28:09 [[32mINFO[0m] __main__: XAUUSD: fetched 500 bars from MT5 (XAUUSDm)
2026-02-27 00:28:10 [[32mINFO[0m] __main__: XAGUSD: fetched 500 bars from MT5 (XAGUSDm)
2026-02-27 00:28:10 [[32mINFO[0m] __main__: EURUSD: fetched 500 bars from MT5 (EURUSDm)
2026-02-27 00:28:10 [[32mINFO[0m] __main__: USDJPY: fetched 500 bars from MT5 (USDJPYm)
2026-02-27 00:28:10 [[32mINFO[0m] __main__: GBPUSD: fetched 500 bars from MT5 (GBPUSDm)
2026-02-27 00:28:10 [[32mINFO[0m] __main__: AUDUSD: fetched 500 bars from MT5 (AUDUSDm)
2026-02-27 00:28:10 [[32mINFO[0m] __main__: USDCHF: fetched 500 bars from MT5 (USDCHFm)
2026-02-27 00:31:10 [[32mINFO[0m] __main__: BTCUSD: fetched 500 bars from MT5 (BTCUSDm)
2026-02-27 00:31:10 [[32mINFO[0m] __main__: XAUUSD: fetched 500 bars from MT5 (XAUUSDm)
2026-02-27 00:31:10 [[32mINFO[0m] __main__: XAGUSD: fetched 500 bars from MT5 (XAGUSDm)
2026-02-27 00:31:10 [[32mINFO[0m] __main__: EURUSD: fetched 500 bars from MT5 (EURUSDm)
2026-02-27 00:31:10 [[32mINFO[0m] __main__: USDJPY: fetched 500 bars from MT5 (USDJPYm)
2026-02-27 00:31:10 [[32mINFO[0m] __main__: GBPUSD: fetched 500 bars from MT5 (GBPUSDm)
2026-02-27 00:31:10 [[32mINFO[0m] __main__: AUDUSD: fetched 500 bars from MT5 (AUDUSDm)
2026-02-27 00:31:10 [[32mINFO[0m] __main__: USDCHF: fetched 500 bars from MT5 (USDCHFm)
2026-02-27 00:34:10 [[32mINFO[0m] __main__: BTCUSD: fetched 500 bars from MT5 (BTCUSDm)
2026-02-27 00:34:11 [[32mINFO[0m] __main__: XAUUSD: fetched 500 bars from MT5 (XAUUSDm)
2026-02-27 00:34:11 [[32mINFO[0m] __main__: XAGUSD: fetched 500 bars from MT5 (XAGUSDm)
2026-02-27 00:34:11 [[32mINFO[0m] __main__: EURUSD: fetched 500 bars from MT5 (EURUSDm)
2026-02-27 00:34:11 [[32mINFO[0m] __main__: USDJPY: fetched 500 bars from MT5 (USDJPYm)
2026-02-27 00:34:11 [[32mINFO[0m] __main__: GBPUSD: fetched 500 bars from MT5 (GBPUSDm)
2026-02-27 00:34:11 [[32mINFO[0m] __main__: AUDUSD: fetched 500 bars from MT5 (AUDUSDm)
2026-02-27 00:34:11 [[32mINFO[0m] __main__: USDCHF: fetched 500 bars from MT5 (USDCHFm)
2026-02-27 00:37:11 [[32mINFO[0m] __main__: BTCUSD: fetched 500 bars from MT5 (BTCUSDm)
2026-02-27 00:37:11 [[32mINFO[0m] __main__: XAUUSD: fetched 500 bars from MT5 (XAUUSDm)
2026-02-27 00:37:11 [[32mINFO[0m] __main__: XAGUSD: fetched 500 bars from MT5 (XAGUSDm)
2026-02-27 00:37:11 [[32mINFO[0m] __main__: EURUSD: fetched 500 bars from MT5 (EURUSDm)
2026-02-27 00:37:11 [[32mINFO[0m] __main__: USDJPY: fetched 500 bars from MT5 (USDJPYm)
2026-02-27 00:37:11 [[32mINFO[0m] __main__: GBPUSD: fetched 500 bars from MT5 (GBPUSDm)
2026-02-27 00:37:11 [[32mINFO[0m] __main__: AUDUSD: fetched 500 bars from MT5 (AUDUSDm)
2026-02-27 00:37:11 [[32mINFO[0m] __main__: USDCHF: fetched 500 bars from MT5 (USDCHFm)
2026-02-27 00:40:11 [[32mINFO[0m] __main__: BTCUSD: fetched 500 bars from MT5 (BTCUSDm)
2026-02-27 00:40:11 [[32mINFO[0m] __main__: XAUUSD: fetched 500 bars from MT5 (XAUUSDm)
2026-02-27 00:40:12 [[32mINFO[0m] __main__: XAGUSD: fetched 500 bars from MT5 (XAGUSDm)
2026-02-27 00:40:12 [[32mINFO[0m] __main__: EURUSD: fetched 500 bars from MT5 (EURUSDm)
2026-02-27 00:40:12 [[32mINFO[0m] __main__: USDJPY: fetched 500 bars from MT5 (USDJPYm)
2026-02-27 00:40:12 [[32mINFO[0m] __main__: GBPUSD: fetched 500 bars from MT5 (GBPUSDm)
2026-02-27 00:40:12 [[32mINFO[0m] __main__: AUDUSD: fetched 500 bars from MT5 (AUDUSDm)
2026-02-27 00:40:12 [[32mINFO[0m] __main__: USDCHF: fetched 500 bars from MT5 (USDCHFm)
2026-02-27 00:43:12 [[32mINFO[0m] __main__: BTCUSD: fetched 500 bars from MT5 (BTCUSDm)
2026-02-27 00:43:12 [[32mINFO[0m] __main__: XAUUSD: fetched 500 bars from MT5 (XAUUSDm)
2026-02-27 00:43:12 [[32mINFO[0m] __main__: XAGUSD: fetched 500 bars from MT5 (XAGUSDm)
2026-02-27 00:43:12 [[32mINFO[0m] __main__: EURUSD: fetched 500 bars from MT5 (EURUSDm)
2026-02-27 00:43:12 [[32mINFO[0m] __main__: USDJPY: fetched 500 bars from MT5 (USDJPYm)
2026-02-27 00:43:12 [[32mINFO[0m] __main__: GBPUSD: fetched 500 bars from MT5 (GBPUSDm)
2026-02-27 00:43:12 [[32mINFO[0m] __main__: AUDUSD: fetched 500 bars from MT5 (AUDUSDm)
2026-02-27 00:43:12 [[32mINFO[0m] __main__: USDCHF: fetched 500 bars from MT5 (USDCHFm)
2026-02-27 00:46:12 [[32mINFO[0m] __main__: BTCUSD: fetched 500 bars from MT5 (BTCUSDm)
2026-02-27 00:46:13 [[32mINFO[0m] __main__: XAUUSD: fetched 500 bars from MT5 (XAUUSDm)
2026-02-27 00:46:13 [[32mINFO[0m] __main__: XAGUSD: fetched 500 bars from MT5 (XAGUSDm)
2026-02-27 00:46:13 [[32mINFO[0m] __main__: EURUSD: fetched 500 bars from MT5 (EURUSDm)
2026-02-27 00:46:13 [[32mINFO[0m] __main__: USDJPY: fetched 500 bars from MT5 (USDJPYm)
2026-02-27 00:46:13 [[32mINFO[0m] __main__: GBPUSD: fetched 500 bars from MT5 (GBPUSDm)
2026-02-27 00:46:13 [[32mINFO[0m] __main__: AUDUSD: fetched 500 bars from MT5 (AUDUSDm)
2026-02-27 00:46:13 [[32mINFO[0m] __main__: USDCHF: fetched 500 bars from MT5 (USDCHFm)
2026-02-27 00:49:13 [[32mINFO[0m] __main__: BTCUSD: fetched 500 bars from MT5 (BTCUSDm)
2026-02-27 00:49:13 [[32mINFO[0m] __main__: XAUUSD: fetched 500 bars from MT5 (XAUUSDm)
2026-02-27 00:49:13 [[32mINFO[0m] __main__: XAGUSD: fetched 500 bars from MT5 (XAGUSDm)
2026-02-27 00:49:13 [[32mINFO[0m] __main__: EURUSD: fetched 500 bars from MT5 (EURUSDm)
2026-02-27 00:49:13 [[32mINFO[0m] __main__: USDJPY: fetched 500 bars from MT5 (USDJPYm)
2026-02-27 00:49:13 [[32mINFO[0m] __main__: GBPUSD: fetched 500 bars from MT5 (GBPUSDm)
2026-02-27 00:49:13 [[32mINFO[0m] __main__: AUDUSD: fetched 500 bars from MT5 (AUDUSDm)
2026-02-27 00:49:13 [[32mINFO[0m] __main__: USDCHF: fetched 500 bars from MT5 (USDCHFm)
2026-02-27 00:52:14 [[32mINFO[0m] __main__: BTCUSD: fetched 500 bars from MT5 (BTCUSDm)
2026-02-27 00:52:14 [[32mINFO[0m] __main__: XAUUSD: fetched 500 bars from MT5 (XAUUSDm)
2026-02-27 00:52:14 [[32mINFO[0m] __main__: XAGUSD: fetched 500 bars from MT5 (XAGUSDm)
2026-02-27 00:52:14 [[32mINFO[0m] __main__: EURUSD: fetched 500 bars from MT5 (EURUSDm)
2026-02-27 00:52:14 [[32mINFO[0m] __main__: USDJPY: fetched 500 bars from MT5 (USDJPYm)
2026-02-27 00:52:14 [[32mINFO[0m] __main__: GBPUSD: fetched 500 bars from MT5 (GBPUSDm)
2026-02-27 00:52:14 [[32mINFO[0m] __main__: AUDUSD: fetched 500 bars from MT5 (AUDUSDm)
2026-02-27 00:52:14 [[32mINFO[0m] __main__: USDCHF: fetched 500 bars from MT5 (USDCHFm)
2026-02-27 00:55:14 [[32mINFO[0m] __main__: BTCUSD: fetched 500 bars from MT5 (BTCUSDm)
2026-02-27 00:55:14 [[32mINFO[0m] __main__: XAUUSD: fetched 500 bars from MT5 (XAUUSDm)
2026-02-27 00:55:15 [[32mINFO[0m] __main__: XAGUSD: fetched 500 bars from MT5 (XAGUSDm)
2026-02-27 00:55:15 [[32mINFO[0m] __main__: EURUSD: fetched 500 bars from MT5 (EURUSDm)
2026-02-27 00:55:15 [[32mINFO[0m] __main__: USDJPY: fetched 500 bars from MT5 (USDJPYm)
2026-02-27 00:55:15 [[32mINFO[0m] __main__: GBPUSD: fetched 500 bars from MT5 (GBPUSDm)
2026-02-27 00:55:15 [[32mINFO[0m] __main__: AUDUSD: fetched 500 bars from MT5 (AUDUSDm)
2026-02-27 00:55:15 [[32mINFO[0m] __main__: USDCHF: fetched 500 bars from MT5 (USDCHFm)
2026-02-27 00:58:15 [[32mINFO[0m] __main__: BTCUSD: fetched 500 bars from MT5 (BTCUSDm)
2026-02-27 00:58:15 [[32mINFO[0m] __main__: XAUUSD: fetched 500 bars from MT5 (XAUUSDm)
2026-02-27 00:58:15 [[32mINFO[0m] __main__: XAGUSD: fetched 500 bars from MT5 (XAGUSDm)
2026-02-27 00:58:15 [[32mINFO[0m] __main__: EURUSD: fetched 500 bars from MT5 (EURUSDm)
2026-02-27 00:58:15 [[32mINFO[0m] __main__: USDJPY: fetched 500 bars from MT5 (USDJPYm)
2026-02-27 00:58:15 [[32mINFO[0m] __main__: GBPUSD: fetched 500 bars from MT5 (GBPUSDm)
2026-02-27 00:58:15 [[32mINFO[0m] __main__: AUDUSD: fetched 500 bars from MT5 (AUDUSDm)
2026-02-27 00:58:15 [[32mINFO[0m] __main__: USDCHF: fetched 500 bars from MT5 (USDCHFm)
2026-02-27 01:01:16 [[32mINFO[0m] __main__: BTCUSD: fetched 500 bars from MT5 (BTCUSDm)
2026-02-27 01:01:16 [[32mINFO[0m] __main__: XAUUSD: fetched 500 bars from MT5 (XAUUSDm)
2026-02-27 01:01:16 [[32mINFO[0m] __main__: XAGUSD: fetched 500 bars from MT5 (XAGUSDm)
2026-02-27 01:01:16 [[32mINFO[0m] __main__: EURUSD: fetched 500 bars from MT5 (EURUSDm)
2026-02-27 01:01:16 [[32mINFO[0m] __main__: USDJPY: fetched 500 bars from MT5 (USDJPYm)
2026-02-27 01:01:16 [[32mINFO[0m] __main__: GBPUSD: fetched 500 bars from MT5 (GBPUSDm)
2026-02-27 01:01:16 [[32mINFO[0m] __main__: AUDUSD: fetched 500 bars from MT5 (AUDUSDm)
2026-02-27 01:01:16 [[32mINFO[0m] __main__: USDCHF: fetched 500 bars from MT5 (USDCHFm)
2026-02-27 01:04:16 [[32mINFO[0m] __main__: BTCUSD: fetched 500 bars from MT5 (BTCUSDm)
2026-02-27 01:04:16 [[32mINFO[0m] __main__: XAUUSD: fetched 500 bars from MT5 (XAUUSDm)
2026-02-27 01:04:16 [[32mINFO[0m] __main__: XAGUSD: fetched 500 bars from MT5 (XAGUSDm)
2026-02-27 01:04:16 [[32mINFO[0m] __main__: EURUSD: fetched 500 bars from MT5 (EURUSDm)
2026-02-27 01:04:16 [[32mINFO[0m] __main__: USDJPY: fetched 500 bars from MT5 (USDJPYm)
2026-02-27 01:04:16 [[32mINFO[0m] __main__: GBPUSD: fetched 500 bars from MT5 (GBPUSDm)
2026-02-27 01:04:17 [[32mINFO[0m] __main__: AUDUSD: fetched 500 bars from MT5 (AUDUSDm)
2026-02-27 01:04:17 [[32mINFO[0m] __main__: USDCHF: fetched 500 bars from MT5 (USDCHFm)
2026-02-27 01:07:17 [[32mINFO[0m] __main__: BTCUSD: fetched 500 bars from MT5 (BTCUSDm)
2026-02-27 01:07:17 [[32mINFO[0m] __main__: XAUUSD: fetched 500 bars from MT5 (XAUUSDm)
2026-02-27 01:07:17 [[32mINFO[0m] __main__: XAGUSD: fetched 500 bars from MT5 (XAGUSDm)
2026-02-27 01:07:17 [[32mINFO[0m] __main__: EURUSD: fetched 500 bars from MT5 (EURUSDm)
2026-02-27 01:07:17 [[32mINFO[0m] __main__: USDJPY: fetched 500 bars from MT5 (USDJPYm)
2026-02-27 01:07:17 [[32mINFO[0m] __main__: GBPUSD: fetched 500 bars from MT5 (GBPUSDm)
2026-02-27 01:07:17 [[32mINFO[0m] __main__: AUDUSD: fetched 500 bars from MT5 (AUDUSDm)
2026-02-27 01:07:17 [[32mINFO[0m] __main__: USDCHF: fetched 500 bars from MT5 (USDCHFm)
2026-02-27 01:10:17 [[32mINFO[0m] __main__: BTCUSD: fetched 500 bars from MT5 (BTCUSDm)
2026-02-27 01:10:17 [[32mINFO[0m] __main__: XAUUSD: fetched 500 bars from MT5 (XAUUSDm)
2026-02-27 01:10:17 [[32mINFO[0m] __main__: XAGUSD: fetched 500 bars from MT5 (XAGUSDm)
2026-02-27 01:10:18 [[32mINFO[0m] __main__: EURUSD: fetched 500 bars from MT5 (EURUSDm)
2026-02-27 01:10:18 [[32mINFO[0m] __main__: USDJPY: fetched 500 bars from MT5 (USDJPYm)
2026-02-27 01:10:18 [[32mINFO[0m] __main__: GBPUSD: fetched 500 bars from MT5 (GBPUSDm)
2026-02-27 01:10:18 [[32mINFO[0m] __main__: AUDUSD: fetched 500 bars from MT5 (AUDUSDm)
2026-02-27 01:10:18 [[32mINFO[0m] __main__: USDCHF: fetched 500 bars from MT5 (USDCHFm)
2026-02-27 01:13:18 [[32mINFO[0m] __main__: BTCUSD: fetched 500 bars from MT5 (BTCUSDm)
2026-02-27 01:13:18 [[32mINFO[0m] __main__: XAUUSD: fetched 500 bars from MT5 (XAUUSDm)
2026-02-27 01:13:18 [[32mINFO[0m] __main__: XAGUSD: fetched 500 bars from MT5 (XAGUSDm)
2026-02-27 01:13:18 [[32mINFO[0m] __main__: EURUSD: fetched 500 bars from MT5 (EURUSDm)
2026-02-27 01:13:18 [[32mINFO[0m] __main__: USDJPY: fetched 500 bars from MT5 (USDJPYm)
2026-02-27 01:13:18 [[32mINFO[0m] __main__: GBPUSD: fetched 500 bars from MT5 (GBPUSDm)
2026-02-27 01:13:18 [[32mINFO[0m] __main__: AUDUSD: fetched 500 bars from MT5 (AUDUSDm)
2026-02-27 01:13:18 [[32mINFO[0m] __main__: USDCHF: fetched 500 bars from MT5 (USDCHFm)
2026-02-27 01:14:41 [[32mINFO[0m] hqts.etl.extract: MT5 initialized successfully
2026-02-27 01:14:41 [[32mINFO[0m] __main__: BTCUSD: fetched 500 bars from MT5 (BTCUSDm)
2026-02-27 01:14:42 [[32mINFO[0m] __main__: XAUUSD: fetched 500 bars from MT5 (XAUUSDm)
2026-02-27 01:14:42 [[32mINFO[0m] __main__: XAGUSD: fetched 500 bars from MT5 (XAGUSDm)
2026-02-27 01:14:42 [[32mINFO[0m] __main__: EURUSD: fetched 500 bars from MT5 (EURUSDm)
2026-02-27 01:14:42 [[32mINFO[0m] __main__: USDJPY: fetched 500 bars from MT5 (USDJPYm)
2026-02-27 01:14:42 [[32mINFO[0m] __main__: GBPUSD: fetched 500 bars from MT5 (GBPUSDm)
2026-02-27 01:14:42 [[32mINFO[0m] __main__: AUDUSD: fetched 500 bars from MT5 (AUDUSDm)
2026-02-27 01:14:42 [[32mINFO[0m] __main__: USDCHF: fetched 500 bars from MT5 (USDCHFm)
2026-02-27 01:14:43 [[32mINFO[0m] hqts.etl.yfinance_fetch: Fetched 4336 rows for USTECH from yfinance
2026-02-27 01:14:43 [[32mINFO[0m] __main__: USOIL: fetched 500 bars from MT5 (USOILm)
2026-02-27 01:17:43 [[32mINFO[0m] __main__: BTCUSD: fetched 500 bars from MT5 (BTCUSDm)
2026-02-27 01:17:43 [[32mINFO[0m] __main__: XAUUSD: fetched 500 bars from MT5 (XAUUSDm)
2026-02-27 01:17:44 [[32mINFO[0m] __main__: XAGUSD: fetched 500 bars from MT5 (XAGUSDm)
2026-02-27 01:17:44 [[32mINFO[0m] __main__: EURUSD: fetched 500 bars from MT5 (EURUSDm)
2026-02-27 01:17:44 [[32mINFO[0m] __main__: USDJPY: fetched 500 bars from MT5 (USDJPYm)
2026-02-27 01:17:44 [[32mINFO[0m] __main__: GBPUSD: fetched 500 bars from MT5 (GBPUSDm)
2026-02-27 01:17:44 [[32mINFO[0m] __main__: AUDUSD: fetched 500 bars from MT5 (AUDUSDm)
2026-02-27 01:17:44 [[32mINFO[0m] __main__: USDCHF: fetched 500 bars from MT5 (USDCHFm)
2026-02-27 01:17:45 [[32mINFO[0m] hqts.etl.yfinance_fetch: Fetched 4336 rows for USTECH from yfinance
2026-02-27 01:17:45 [[32mINFO[0m] __main__: USOIL: fetched 500 bars from MT5 (USOILm)
2026-02-27 01:20:46 [[32mINFO[0m] __main__: BTCUSD: fetched 500 bars from MT5 (BTCUSDm)
2026-02-27 01:20:46 [[32mINFO[0m] __main__: XAUUSD: fetched 500 bars from MT5 (XAUUSDm)
2026-02-27 01:20:47 [[32mINFO[0m] __main__: XAGUSD: fetched 500 bars from MT5 (XAGUSDm)
2026-02-27 01:20:47 [[32mINFO[0m] __main__: EURUSD: fetched 500 bars from MT5 (EURUSDm)
2026-02-27 01:20:47 [[32mINFO[0m] __main__: USDJPY: fetched 500 bars from MT5 (USDJPYm)
2026-02-27 01:20:47 [[32mINFO[0m] __main__: GBPUSD: fetched 500 bars from MT5 (GBPUSDm)
2026-02-27 01:20:47 [[32mINFO[0m] __main__: AUDUSD: fetched 500 bars from MT5 (AUDUSDm)
2026-02-27 01:20:47 [[32mINFO[0m] __main__: USDCHF: fetched 500 bars from MT5 (USDCHFm)
2026-02-27 01:20:47 [[32mINFO[0m] hqts.etl.yfinance_fetch: Fetched 4336 rows for USTECH from yfinance
2026-02-27 01:20:47 [[32mINFO[0m] __main__: USOIL: fetched 500 bars from MT5 (USOILm)
2026-02-27 01:23:48 [[32mINFO[0m] __main__: BTCUSD: fetched 500 bars from MT5 (BTCUSDm)
2026-02-27 01:23:48 [[32mINFO[0m] __main__: XAUUSD: fetched 500 bars from MT5 (XAUUSDm)
2026-02-27 01:23:48 [[32mINFO[0m] __main__: XAGUSD: fetched 500 bars from MT5 (XAGUSDm)
2026-02-27 01:23:48 [[32mINFO[0m] __main__: EURUSD: fetched 500 bars from MT5 (EURUSDm)
2026-02-27 01:23:48 [[32mINFO[0m] __main__: USDJPY: fetched 500 bars from MT5 (USDJPYm)
2026-02-27 01:23:48 [[32mINFO[0m] __main__: GBPUSD: fetched 500 bars from MT5 (GBPUSDm)
2026-02-27 01:23:48 [[32mINFO[0m] __main__: AUDUSD: fetched 500 bars from MT5 (AUDUSDm)
2026-02-27 01:23:48 [[32mINFO[0m] __main__: USDCHF: fetched 500 bars from MT5 (USDCHFm)
2026-02-27 01:23:50 [[32mINFO[0m] hqts.etl.yfinance_fetch: Fetched 4441 rows for USTECH from yfinance
2026-02-27 01:23:50 [[32mINFO[0m] __main__: USOIL: fetched 500 bars from MT5 (USOILm)
2026-02-27 01:26:50 [[32mINFO[0m] __main__: BTCUSD: fetched 500 bars from MT5 (BTCUSDm)
2026-02-27 01:26:50 [[32mINFO[0m] __main__: XAUUSD: fetched 500 bars from MT5 (XAUUSDm)
2026-02-27 01:26:50 [[32mINFO[0m] __main__: XAGUSD: fetched 500 bars from MT5 (XAGUSDm)
2026-02-27 01:26:50 [[32mINFO[0m] __main__: EURUSD: fetched 500 bars from MT5 (EURUSDm)
2026-02-27 01:26:50 [[32mINFO[0m] __main__: USDJPY: fetched 500 bars from MT5 (USDJPYm)
2026-02-27 01:26:50 [[32mINFO[0m] __main__: GBPUSD: fetched 500 bars from MT5 (GBPUSDm)
2026-02-27 01:26:50 [[32mINFO[0m] __main__: AUDUSD: fetched 500 bars from MT5 (AUDUSDm)
2026-02-27 01:26:50 [[32mINFO[0m] __main__: USDCHF: fetched 500 bars from MT5 (USDCHFm)
2026-02-27 01:26:51 [[32mINFO[0m] hqts.etl.yfinance_fetch: Fetched 4337 rows for USTECH from yfinance
2026-02-27 01:26:51 [[32mINFO[0m] __main__: USOIL: fetched 500 bars from MT5 (USOILm)
2026-02-27 01:29:51 [[32mINFO[0m] __main__: BTCUSD: fetched 500 bars from MT5 (BTCUSDm)
2026-02-27 01:29:51 [[32mINFO[0m] __main__: XAUUSD: fetched 500 bars from MT5 (XAUUSDm)
2026-02-27 01:29:51 [[32mINFO[0m] __main__: XAGUSD: fetched 500 bars from MT5 (XAGUSDm)
2026-02-27 01:29:51 [[32mINFO[0m] __main__: EURUSD: fetched 500 bars from MT5 (EURUSDm)
2026-02-27 01:29:51 [[32mINFO[0m] __main__: USDJPY: fetched 500 bars from MT5 (USDJPYm)
2026-02-27 01:29:51 [[32mINFO[0m] __main__: GBPUSD: fetched 500 bars from MT5 (GBPUSDm)
2026-02-27 01:29:51 [[32mINFO[0m] __main__: AUDUSD: fetched 500 bars from MT5 (AUDUSDm)
2026-02-27 01:29:51 [[32mINFO[0m] __main__: USDCHF: fetched 500 bars from MT5 (USDCHFm)
2026-02-27 01:29:52 [[32mINFO[0m] hqts.etl.yfinance_fetch: Fetched 4337 rows for USTECH from yfinance
2026-02-27 01:29:52 [[32mINFO[0m] __main__: USOIL: fetched 500 bars from MT5 (USOILm)
2026-02-27 01:32:52 [[32mINFO[0m] __main__: BTCUSD: fetched 500 bars from MT5 (BTCUSDm)
2026-02-27 01:32:52 [[32mINFO[0m] __main__: XAUUSD: fetched 500 bars from MT5 (XAUUSDm)
2026-02-27 01:32:52 [[32mINFO[0m] __main__: XAGUSD: fetched 500 bars from MT5 (XAGUSDm)
2026-02-27 01:32:53 [[32mINFO[0m] __main__: EURUSD: fetched 500 bars from MT5 (EURUSDm)
2026-02-27 01:32:53 [[32mINFO[0m] __main__: USDJPY: fetched 500 bars from MT5 (USDJPYm)
2026-02-27 01:32:53 [[32mINFO[0m] __main__: GBPUSD: fetched 500 bars from MT5 (GBPUSDm)
2026-02-27 01:32:53 [[32mINFO[0m] __main__: AUDUSD: fetched 500 bars from MT5 (AUDUSDm)
2026-02-27 01:32:53 [[32mINFO[0m] __main__: USDCHF: fetched 500 bars from MT5 (USDCHFm)
2026-02-27 01:32:54 [[32mINFO[0m] hqts.etl.yfinance_fetch: Fetched 4337 rows for USTECH from yfinance
2026-02-27 01:32:54 [[32mINFO[0m] __main__: USOIL: fetched 500 bars from MT5 (USOILm)
2026-02-27 01:35:54 [[32mINFO[0m] __main__: BTCUSD: fetched 500 bars from MT5 (BTCUSDm)
2026-02-27 01:35:54 [[32mINFO[0m] __main__: XAUUSD: fetched 500 bars from MT5 (XAUUSDm)
2026-02-27 01:35:54 [[32mINFO[0m] __main__: XAGUSD: fetched 500 bars from MT5 (XAGUSDm)
2026-02-27 01:35:54 [[32mINFO[0m] __main__: EURUSD: fetched 500 bars from MT5 (EURUSDm)
2026-02-27 01:35:54 [[32mINFO[0m] __main__: USDJPY: fetched 500 bars from MT5 (USDJPYm)
2026-02-27 01:35:54 [[32mINFO[0m] __main__: USDJPY: already have open position (1), skipping to avoid stacking
2026-02-27 01:35:54 [[32mINFO[0m] __main__: GBPUSD: fetched 500 bars from MT5 (GBPUSDm)
2026-02-27 01:35:54 [[32mINFO[0m] __main__: AUDUSD: fetched 500 bars from MT5 (AUDUSDm)
2026-02-27 01:35:54 [[32mINFO[0m] __main__: USDCHF: fetched 500 bars from MT5 (USDCHFm)
2026-02-27 01:35:55 [[32mINFO[0m] hqts.etl.yfinance_fetch: Fetched 4337 rows for USTECH from yfinance
2026-02-27 01:35:55 [[32mINFO[0m] __main__: USOIL: fetched 500 bars from MT5 (USOILm)
2026-02-27 01:38:55 [[32mINFO[0m] __main__: BTCUSD: fetched 500 bars from MT5 (BTCUSDm)
2026-02-27 01:38:55 [[32mINFO[0m] __main__: XAUUSD: fetched 500 bars from MT5 (XAUUSDm)
2026-02-27 01:38:55 [[32mINFO[0m] __main__: XAGUSD: fetched 500 bars from MT5 (XAGUSDm)
2026-02-27 01:38:55 [[32mINFO[0m] __main__: EURUSD: fetched 500 bars from MT5 (EURUSDm)
2026-02-27 01:38:55 [[32mINFO[0m] __main__: USDJPY: fetched 500 bars from MT5 (USDJPYm)
2026-02-27 01:38:55 [[32mINFO[0m] __main__: GBPUSD: fetched 500 bars from MT5 (GBPUSDm)
2026-02-27 01:38:55 [[32mINFO[0m] __main__: AUDUSD: fetched 500 bars from MT5 (AUDUSDm)
2026-02-27 01:38:55 [[32mINFO[0m] __main__: USDCHF: fetched 500 bars from MT5 (USDCHFm)
2026-02-27 01:38:57 [[32mINFO[0m] hqts.etl.yfinance_fetch: Fetched 4442 rows for USTECH from yfinance
2026-02-27 01:38:57 [[32mINFO[0m] __main__: USOIL: fetched 500 bars from MT5 (USOILm)
2026-02-27 01:41:57 [[32mINFO[0m] __main__: BTCUSD: fetched 500 bars from MT5 (BTCUSDm)
2026-02-27 01:41:57 [[32mINFO[0m] __main__: XAUUSD: fetched 500 bars from MT5 (XAUUSDm)
2026-02-27 01:41:57 [[32mINFO[0m] __main__: XAGUSD: fetched 500 bars from MT5 (XAGUSDm)
2026-02-27 01:41:57 [[32mINFO[0m] __main__: EURUSD: fetched 500 bars from MT5 (EURUSDm)
2026-02-27 01:41:57 [[32mINFO[0m] __main__: USDJPY: fetched 500 bars from MT5 (USDJPYm)
2026-02-27 01:41:58 [[32mINFO[0m] __main__: GBPUSD: fetched 500 bars from MT5 (GBPUSDm)
2026-02-27 01:41:58 [[32mINFO[0m] __main__: AUDUSD: fetched 500 bars from MT5 (AUDUSDm)
2026-02-27 01:41:58 [[32mINFO[0m] __main__: USDCHF: fetched 500 bars from MT5 (USDCHFm)
2026-02-27 01:41:58 [[32mINFO[0m] hqts.etl.yfinance_fetch: Fetched 4338 rows for USTECH from yfinance
2026-02-27 01:41:58 [[32mINFO[0m] __main__: USOIL: fetched 500 bars from MT5 (USOILm)
2026-02-27 01:44:58 [[32mINFO[0m] __main__: BTCUSD: fetched 500 bars from MT5 (BTCUSDm)
2026-02-27 01:44:58 [[32mINFO[0m] __main__: XAUUSD: fetched 500 bars from MT5 (XAUUSDm)
2026-02-27 01:44:59 [[32mINFO[0m] __main__: XAGUSD: fetched 500 bars from MT5 (XAGUSDm)
2026-02-27 01:44:59 [[32mINFO[0m] __main__: EURUSD: fetched 500 bars from MT5 (EURUSDm)
2026-02-27 01:44:59 [[32mINFO[0m] __main__: USDJPY: fetched 500 bars from MT5 (USDJPYm)
2026-02-27 01:44:59 [[32mINFO[0m] __main__: GBPUSD: fetched 500 bars from MT5 (GBPUSDm)
2026-02-27 01:44:59 [[32mINFO[0m] __main__: AUDUSD: fetched 500 bars from MT5 (AUDUSDm)
2026-02-27 01:44:59 [[32mINFO[0m] __main__: USDCHF: fetched 500 bars from MT5 (USDCHFm)
2026-02-27 01:44:59 [[32mINFO[0m] hqts.etl.yfinance_fetch: Fetched 4338 rows for USTECH from yfinance
2026-02-27 01:44:59 [[32mINFO[0m] __main__: USOIL: fetched 500 bars from MT5 (USOILm)
2026-02-27 01:47:18 [[32mINFO[0m] hqts.etl.extract: MT5 initialized successfully
2026-02-27 01:47:18 [[32mINFO[0m] __main__: BTCUSD: fetched 500 bars from MT5 (BTCUSDm)
2026-02-27 01:47:19 [[32mINFO[0m] __main__: XAUUSD: fetched 500 bars from MT5 (XAUUSDm)
2026-02-27 01:47:19 [[32mINFO[0m] __main__: XAGUSD: fetched 500 bars from MT5 (XAGUSDm)
2026-02-27 01:47:19 [[32mINFO[0m] __main__: EURUSD: fetched 500 bars from MT5 (EURUSDm)
2026-02-27 01:47:19 [[32mINFO[0m] __main__: USDJPY: fetched 500 bars from MT5 (USDJPYm)
2026-02-27 01:47:19 [[32mINFO[0m] __main__: GBPUSD: fetched 500 bars from MT5 (GBPUSDm)
2026-02-27 01:47:19 [[32mINFO[0m] __main__: AUDUSD: fetched 500 bars from MT5 (AUDUSDm)
2026-02-27 01:47:19 [[32mINFO[0m] __main__: USDCHF: fetched 500 bars from MT5 (USDCHFm)
2026-02-27 01:47:20 [[32mINFO[0m] hqts.etl.yfinance_fetch: Fetched 4338 rows for USTECH from yfinance
2026-02-27 01:47:20 [[32mINFO[0m] __main__: USOIL: fetched 500 bars from MT5 (USOILm)
2026-02-27 01:50:20 [[32mINFO[0m] __main__: BTCUSD: fetched 500 bars from MT5 (BTCUSDm)
2026-02-27 01:50:20 [[32mINFO[0m] __main__: XAUUSD: fetched 500 bars from MT5 (XAUUSDm)
2026-02-27 01:50:21 [[32mINFO[0m] __main__: XAGUSD: fetched 500 bars from MT5 (XAGUSDm)
2026-02-27 01:50:21 [[32mINFO[0m] __main__: EURUSD: fetched 500 bars from MT5 (EURUSDm)
2026-02-27 01:50:21 [[32mINFO[0m] __main__: USDJPY: fetched 500 bars from MT5 (USDJPYm)
2026-02-27 01:50:21 [[32mINFO[0m] __main__: USDJPY: already have open position (1), skipping to avoid stacking
2026-02-27 01:50:21 [[32mINFO[0m] __main__: GBPUSD: fetched 500 bars from MT5 (GBPUSDm)
2026-02-27 01:50:21 [[32mINFO[0m] __main__: AUDUSD: fetched 500 bars from MT5 (AUDUSDm)
2026-02-27 01:50:21 [[32mINFO[0m] __main__: USDCHF: fetched 500 bars from MT5 (USDCHFm)
2026-02-27 01:50:22 [[32mINFO[0m] hqts.etl.yfinance_fetch: Fetched 4338 rows for USTECH from yfinance
2026-02-27 01:50:22 [[32mINFO[0m] __main__: USOIL: fetched 500 bars from MT5 (USOILm)
2026-02-27 01:53:22 [[32mINFO[0m] __main__: BTCUSD: fetched 500 bars from MT5 (BTCUSDm)
2026-02-27 01:53:22 [[32mINFO[0m] __main__: XAUUSD: fetched 500 bars from MT5 (XAUUSDm)
2026-02-27 01:53:22 [[32mINFO[0m] __main__: XAGUSD: fetched 500 bars from MT5 (XAGUSDm)
2026-02-27 01:53:22 [[32mINFO[0m] __main__: EURUSD: fetched 500 bars from MT5 (EURUSDm)
2026-02-27 01:53:22 [[32mINFO[0m] __main__: USDJPY: fetched 500 bars from MT5 (USDJPYm)
2026-02-27 01:53:22 [[32mINFO[0m] __main__: GBPUSD: fetched 500 bars from MT5 (GBPUSDm)
2026-02-27 01:53:22 [[32mINFO[0m] __main__: AUDUSD: fetched 500 bars from MT5 (AUDUSDm)
2026-02-27 01:53:22 [[32mINFO[0m] __main__: USDCHF: fetched 500 bars from MT5 (USDCHFm)
2026-02-27 01:53:23 [[32mINFO[0m] hqts.etl.yfinance_fetch: Fetched 4338 rows for USTECH from yfinance
2026-02-27 01:53:23 [[32mINFO[0m] __main__: USOIL: fetched 500 bars from MT5 (USOILm)
2026-02-27 01:56:23 [[32mINFO[0m] __main__: BTCUSD: fetched 500 bars from MT5 (BTCUSDm)
2026-02-27 01:56:23 [[32mINFO[0m] __main__: XAUUSD: fetched 500 bars from MT5 (XAUUSDm)
2026-02-27 01:56:23 [[32mINFO[0m] __main__: XAGUSD: fetched 500 bars from MT5 (XAGUSDm)
2026-02-27 01:56:23 [[32mINFO[0m] __main__: EURUSD: fetched 500 bars from MT5 (EURUSDm)
2026-02-27 01:56:23 [[32mINFO[0m] __main__: USDJPY: fetched 500 bars from MT5 (USDJPYm)
2026-02-27 01:56:23 [[32mINFO[0m] __main__: GBPUSD: fetched 500 bars from MT5 (GBPUSDm)
2026-02-27 01:56:23 [[32mINFO[0m] __main__: AUDUSD: fetched 500 bars from MT5 (AUDUSDm)
2026-02-27 01:56:23 [[32mINFO[0m] __main__: USDCHF: fetched 500 bars from MT5 (USDCHFm)
2026-02-27 01:56:24 [[32mINFO[0m] hqts.etl.yfinance_fetch: Fetched 4339 rows for USTECH from yfinance
2026-02-27 01:56:24 [[32mINFO[0m] __main__: USOIL: fetched 500 bars from MT5 (USOILm)
2026-02-27 01:59:24 [[32mINFO[0m] __main__: BTCUSD: fetched 500 bars from MT5 (BTCUSDm)
2026-02-27 01:59:24 [[32mINFO[0m] __main__: XAUUSD: fetched 500 bars from MT5 (XAUUSDm)
2026-02-27 01:59:24 [[32mINFO[0m] __main__: XAGUSD: fetched 500 bars from MT5 (XAGUSDm)
2026-02-27 01:59:24 [[32mINFO[0m] __main__: EURUSD: fetched 500 bars from MT5 (EURUSDm)
2026-02-27 01:59:24 [[32mINFO[0m] __main__: USDJPY: fetched 500 bars from MT5 (USDJPYm)
2026-02-27 01:59:25 [[32mINFO[0m] __main__: GBPUSD: fetched 500 bars from MT5 (GBPUSDm)
2026-02-27 01:59:25 [[32mINFO[0m] __main__: AUDUSD: fetched 500 bars from MT5 (AUDUSDm)
2026-02-27 01:59:25 [[32mINFO[0m] __main__: USDCHF: fetched 500 bars from MT5 (USDCHFm)
2026-02-27 01:59:25 [[32mINFO[0m] hqts.etl.yfinance_fetch: Fetched 4339 rows for USTECH from yfinance
2026-02-27 01:59:25 [[32mINFO[0m] __main__: USOIL: fetched 500 bars from MT5 (USOILm)
2026-02-27 02:02:25 [[32mINFO[0m] __main__: BTCUSD: fetched 500 bars from MT5 (BTCUSDm)
2026-02-27 02:02:25 [[32mINFO[0m] __main__: XAUUSD: fetched 500 bars from MT5 (XAUUSDm)
2026-02-27 02:02:26 [[32mINFO[0m] __main__: XAGUSD: fetched 500 bars from MT5 (XAGUSDm)
2026-02-27 02:02:26 [[32mINFO[0m] __main__: EURUSD: fetched 500 bars from MT5 (EURUSDm)
2026-02-27 02:02:26 [[32mINFO[0m] __main__: USDJPY: fetched 500 bars from MT5 (USDJPYm)
2026-02-27 02:02:26 [[32mINFO[0m] __main__: GBPUSD: fetched 500 bars from MT5 (GBPUSDm)
2026-02-27 02:02:26 [[32mINFO[0m] __main__: AUDUSD: fetched 500 bars from MT5 (AUDUSDm)
2026-02-27 02:02:26 [[32mINFO[0m] __main__: USDCHF: fetched 500 bars from MT5 (USDCHFm)
2026-02-27 02:02:26 [[32mINFO[0m] hqts.etl.yfinance_fetch: Fetched 4339 rows for USTECH from yfinance
2026-02-27 02:02:27 [[32mINFO[0m] __main__: USOIL: fetched 500 bars from MT5 (USOILm)
2026-02-27 02:05:27 [[32mINFO[0m] __main__: BTCUSD: fetched 500 bars from MT5 (BTCUSDm)
2026-02-27 02:05:27 [[32mINFO[0m] __main__: XAUUSD: fetched 500 bars from MT5 (XAUUSDm)
2026-02-27 02:05:27 [[32mINFO[0m] __main__: XAGUSD: fetched 500 bars from MT5 (XAGUSDm)
2026-02-27 02:05:27 [[32mINFO[0m] __main__: EURUSD: fetched 500 bars from MT5 (EURUSDm)
2026-02-27 02:05:27 [[32mINFO[0m] __main__: USDJPY: fetched 500 bars from MT5 (USDJPYm)
2026-02-27 02:05:27 [[32mINFO[0m] __main__: GBPUSD: fetched 500 bars from MT5 (GBPUSDm)
2026-02-27 02:05:27 [[32mINFO[0m] __main__: AUDUSD: fetched 500 bars from MT5 (AUDUSDm)
2026-02-27 02:05:27 [[32mINFO[0m] __main__: USDCHF: fetched 500 bars from MT5 (USDCHFm)
2026-02-27 02:05:28 [[32mINFO[0m] hqts.etl.yfinance_fetch: Fetched 4339 rows for USTECH from yfinance
2026-02-27 02:05:28 [[32mINFO[0m] __main__: USOIL: fetched 500 bars from MT5 (USOILm)
2026-02-27 02:08:28 [[32mINFO[0m] __main__: BTCUSD: fetched 500 bars from MT5 (BTCUSDm)
2026-02-27 02:08:28 [[32mINFO[0m] __main__: XAUUSD: fetched 500 bars from MT5 (XAUUSDm)
2026-02-27 02:08:28 [[32mINFO[0m] __main__: XAGUSD: fetched 500 bars from MT5 (XAGUSDm)
2026-02-27 02:08:28 [[32mINFO[0m] __main__: EURUSD: fetched 500 bars from MT5 (EURUSDm)
2026-02-27 02:08:28 [[32mINFO[0m] __main__: USDJPY: fetched 500 bars from MT5 (USDJPYm)
2026-02-27 02:08:28 [[32mINFO[0m] __main__: GBPUSD: fetched 500 bars from MT5 (GBPUSDm)
2026-02-27 02:08:28 [[32mINFO[0m] __main__: AUDUSD: fetched 500 bars from MT5 (AUDUSDm)
2026-02-27 02:08:28 [[32mINFO[0m] __main__: USDCHF: fetched 500 bars from MT5 (USDCHFm)
2026-02-27 02:08:29 [[32mINFO[0m] hqts.etl.yfinance_fetch: Fetched 4339 rows for USTECH from yfinance
2026-02-27 02:08:29 [[32mINFO[0m] __main__: USOIL: fetched 500 bars from MT5 (USOILm)
2026-02-27 02:11:29 [[32mINFO[0m] __main__: BTCUSD: fetched 500 bars from MT5 (BTCUSDm)
2026-02-27 02:11:29 [[32mINFO[0m] __main__: XAUUSD: fetched 500 bars from MT5 (XAUUSDm)
2026-02-27 02:11:29 [[32mINFO[0m] __main__: XAGUSD: fetched 500 bars from MT5 (XAGUSDm)
2026-02-27 02:11:29 [[32mINFO[0m] __main__: EURUSD: fetched 500 bars from MT5 (EURUSDm)
2026-02-27 02:11:29 [[32mINFO[0m] __main__: USDJPY: fetched 500 bars from MT5 (USDJPYm)
2026-02-27 02:11:29 [[32mINFO[0m] __main__: GBPUSD: fetched 500 bars from MT5 (GBPUSDm)
2026-02-27 02:11:29 [[32mINFO[0m] __main__: AUDUSD: fetched 500 bars from MT5 (AUDUSDm)
2026-02-27 02:11:29 [[32mINFO[0m] __main__: USDCHF: fetched 500 bars from MT5 (USDCHFm)
2026-02-27 02:11:30 [[32mINFO[0m] hqts.etl.yfinance_fetch: Fetched 4340 rows for USTECH from yfinance
2026-02-27 02:11:30 [[32mINFO[0m] __main__: USOIL: fetched 500 bars from MT5 (USOILm)
