2026-02-26 02:19:28 [ERROR] hqts.etl.extract: MetaTrader5 package not installed. Run: pip install MetaTrader5
2026-02-26 02:19:28 [ERROR] __main__: Failed to connect to MT5. Ensure the terminal is running and logged in.
2026-02-26 02:20:51 [ERROR] hqts.etl.extract: MetaTrader5 package not installed. Run: pip install MetaTrader5
2026-02-26 02:20:51 [ERROR] __main__: Failed to connect to MT5. Ensure:
  1. MT5 terminal is running and logged in
  2. pip install MetaTrader5 (requires Python 3.8-3.12; not 3.14)
2026-02-26 02:23:10 [INFO] __main__: Fetching live BTC data from yfinance (MT5 not available on Mac/Linux)
2026-02-26 02:23:11 [INFO] hqts.etl.yfinance_fetch: Fetched 466 rows for BTCUSD from yfinance
2026-02-26 02:23:11 [INFO] hqts.execution.executor: PAPER: sell 0.31 lots BTCUSD SL=69107.87 TP=68150.49
2026-02-26 02:23:11 [INFO] __main__: Signal: sell | prob_up=0.19 prob_down=0.68
2026-02-26 15:43:15 [INFO] hqts.etl.extract: MT5 initialized successfully
2026-02-26 15:43:15 [INFO] __main__: Using symbol: BTCUSDm
2026-02-26 15:43:15 [INFO] __main__: Account equity: 1051.78
2026-02-26 15:43:15 [INFO] hqts.execution.executor: PAPER: sell 0.04 lots BTCUSDm SL=68701.43 TP=67983.99
2026-02-26 15:43:15 [INFO] __main__: Signal: sell | prob_up=0.25 prob_down=0.59
2026-02-26 15:44:20 [INFO] hqts.etl.extract: MT5 initialized successfully
2026-02-26 15:44:20 [INFO] __main__: Using symbol: BTCUSDm
2026-02-26 15:44:20 [INFO] __main__: Account equity: 1051.78
2026-02-26 15:44:20 [INFO] __main__: No signal | prob_up=0.24 prob_down=0.51 prob_range=0.25
2026-02-26 15:49:31 [INFO] hqts.etl.extract: MT5 initialized successfully
2026-02-26 15:49:31 [INFO] __main__: Using symbol: BTCUSDm
2026-02-26 15:49:31 [INFO] __main__: Account equity: 1051.78
2026-02-26 15:49:31 [INFO] hqts.execution.executor: PAPER: sell 0.05 lots BTCUSDm SL=68746.93 TP=68049.67
2026-02-26 15:49:31 [INFO] __main__: Signal: sell | prob_up=0.22 prob_down=0.62
2026-02-26 15:51:54 [INFO] hqts.etl.extract: MT5 initialized successfully
2026-02-26 15:51:54 [INFO] __main__: Using symbol: BTCUSDm
2026-02-26 15:51:54 [INFO] __main__: Account equity: 1037.91
2026-02-26 15:51:54 [INFO] hqts.execution.executor: PAPER: sell 0.04 lots BTCUSDm SL=68777.33 TP=68066.79
2026-02-26 15:51:54 [INFO] __main__: Signal: sell | prob_up=0.22 prob_down=0.62
2026-02-26 15:54:02 [INFO] hqts.etl.extract: MT5 initialized successfully
2026-02-26 15:54:02 [INFO] __main__: Using symbol: BTCUSDm
2026-02-26 15:54:02 [INFO] __main__: Account equity: 988.57
2026-02-26 15:54:02 [INFO] hqts.execution.executor: PAPER: sell 0.04 lots BTCUSDm SL=68819.98 TP=68097.82
2026-02-26 15:54:02 [INFO] __main__: Signal: sell | prob_up=0.23 prob_down=0.61
2026-02-26 16:03:08 [INFO] hqts.etl.extract: MT5 initialized successfully
2026-02-26 16:03:08 [INFO] __main__: Using symbol: BTCUSDm
2026-02-26 16:03:08 [INFO] __main__: Account equity: 963.88
2026-02-26 16:03:08 [INFO] hqts.execution.executor: PAPER: sell 0.04 lots BTCUSDm SL=68843.04 TP=68133.67
2026-02-26 16:03:08 [INFO] __main__: Signal: sell | prob_up=0.18 prob_down=0.66
